34.0 26.0 32.0 40.0 42.0 64.0 66.0 68.0 70.0 80.0 76.0 78.0 78.0 76.0 76.0 76.0 80.0 82.0 82.0 82.0 84.0 92.0 92.0 92.0 92.0 100.0 102.0 106.0 106.0 106.0 106.0 106.0 106.0 106.0 106.0 108.0 108.0 108.0 108.0 108.0 108.0 108.0 108.0 110.0 112.0 112.0 112.0 112.0 112.0 
8.0 6.0 24.0 26.0 58.0 60.0 62.0 64.0 76.0 70.0 72.0 72.0 72.0 72.0 72.0 76.0 78.0 78.0 78.0 80.0 90.0 90.0 90.0 90.0 98.0 100.0 104.0 104.0 104.0 104.0 104.0 104.0 104.0 104.0 106.0 106.0 106.0 106.0 106.0 106.0 106.0 106.0 108.0 110.0 110.0 110.0 110.0 110.0 
6.0 28.0 30.0 58.0 60.0 62.0 64.0 76.0 70.0 72.0 72.0 72.0 72.0 72.0 76.0 78.0 78.0 78.0 80.0 90.0 90.0 90.0 90.0 98.0 100.0 104.0 104.0 104.0 104.0 104.0 104.0 104.0 104.0 106.0 106.0 106.0 106.0 106.0 106.0 106.0 106.0 108.0 110.0 110.0 110.0 110.0 110.0 
24.0 26.0 58.0 60.0 62.0 64.0 76.0 70.0 72.0 72.0 72.0 72.0 72.0 76.0 78.0 78.0 78.0 80.0 90.0 90.0 90.0 90.0 98.0 100.0 104.0 104.0 104.0 104.0 104.0 104.0 104.0 104.0 106.0 106.0 106.0 106.0 106.0 106.0 106.0 106.0 108.0 110.0 110.0 110.0 110.0 110.0 
2.0 52.0 54.0 56.0 58.0 74.0 68.0 70.0 70.0 70.0 70.0 70.0 74.0 76.0 76.0 76.0 78.0 88.0 88.0 88.0 88.0 98.0 100.0 104.0 104.0 104.0 104.0 104.0 104.0 104.0 104.0 106.0 106.0 106.0 106.0 106.0 106.0 106.0 106.0 108.0 110.0 110.0 110.0 110.0 110.0 
52.0 54.0 56.0 58.0 74.0 68.0 70.0 70.0 70.0 70.0 70.0 74.0 76.0 76.0 76.0 78.0 88.0 88.0 88.0 88.0 98.0 100.0 104.0 104.0 104.0 104.0 104.0 104.0 104.0 104.0 106.0 106.0 106.0 106.0 106.0 106.0 106.0 106.0 108.0 110.0 110.0 110.0 110.0 110.0 
26.0 30.0 36.0 64.0 54.0 58.0 60.0 64.0 64.0 64.0 68.0 70.0 70.0 70.0 70.0 80.0 80.0 80.0 80.0 90.0 92.0 98.0 98.0 98.0 98.0 98.0 98.0 98.0 98.0 100.0 100.0 100.0 100.0 102.0 102.0 102.0 102.0 104.0 106.0 106.0 106.0 106.0 106.0 
6.0 16.0 62.0 52.0 56.0 58.0 62.0 62.0 62.0 66.0 68.0 68.0 68.0 68.0 80.0 80.0 80.0 80.0 90.0 92.0 98.0 98.0 98.0 98.0 98.0 98.0 98.0 98.0 100.0 100.0 100.0 100.0 102.0 102.0 102.0 102.0 104.0 106.0 106.0 106.0 106.0 106.0 
10.0 60.0 50.0 54.0 56.0 60.0 60.0 60.0 64.0 66.0 66.0 66.0 66.0 78.0 78.0 78.0 78.0 88.0 90.0 96.0 96.0 96.0 96.0 96.0 96.0 96.0 96.0 98.0 98.0 98.0 98.0 100.0 100.0 100.0 100.0 102.0 104.0 104.0 104.0 104.0 104.0 
58.0 48.0 52.0 52.0 56.0 56.0 56.0 60.0 62.0 62.0 62.0 66.0 78.0 78.0 78.0 78.0 88.0 90.0 96.0 96.0 96.0 96.0 96.0 96.0 96.0 96.0 98.0 98.0 98.0 98.0 100.0 100.0 100.0 100.0 102.0 104.0 104.0 104.0 104.0 104.0 
18.0 16.0 20.0 24.0 34.0 44.0 42.0 42.0 44.0 42.0 60.0 72.0 72.0 72.0 72.0 82.0 86.0 92.0 94.0 94.0 94.0 94.0 94.0 94.0 94.0 96.0 96.0 96.0 96.0 98.0 98.0 98.0 98.0 100.0 104.0 104.0 104.0 104.0 104.0 
12.0 16.0 28.0 34.0 42.0 46.0 46.0 46.0 44.0 62.0 74.0 74.0 74.0 74.0 84.0 88.0 94.0 96.0 96.0 96.0 96.0 96.0 96.0 96.0 98.0 98.0 98.0 98.0 100.0 100.0 100.0 100.0 102.0 104.0 104.0 104.0 104.0 104.0 
6.0 26.0 34.0 44.0 48.0 48.0 44.0 42.0 60.0 74.0 74.0 74.0 74.0 84.0 88.0 94.0 96.0 96.0 96.0 96.0 96.0 96.0 96.0 98.0 98.0 98.0 98.0 100.0 100.0 100.0 100.0 102.0 104.0 104.0 104.0 104.0 104.0 
24.0 30.0 44.0 48.0 50.0 46.0 40.0 60.0 74.0 74.0 74.0 74.0 84.0 88.0 94.0 96.0 96.0 96.0 96.0 96.0 96.0 96.0 98.0 98.0 98.0 98.0 100.0 100.0 100.0 100.0 102.0 104.0 104.0 104.0 104.0 104.0 
20.0 32.0 36.0 38.0 40.0 34.0 54.0 70.0 70.0 70.0 70.0 82.0 86.0 92.0 94.0 94.0 94.0 94.0 94.0 94.0 94.0 96.0 98.0 98.0 98.0 100.0 100.0 100.0 100.0 102.0 104.0 104.0 104.0 104.0 104.0 
30.0 34.0 38.0 40.0 36.0 58.0 72.0 72.0 72.0 72.0 84.0 88.0 94.0 94.0 94.0 94.0 94.0 94.0 94.0 94.0 96.0 98.0 98.0 98.0 100.0 100.0 100.0 100.0 102.0 104.0 104.0 104.0 104.0 104.0 
20.0 28.0 28.0 32.0 54.0 66.0 66.0 68.0 68.0 84.0 88.0 94.0 94.0 94.0 94.0 94.0 94.0 94.0 94.0 96.0 98.0 98.0 98.0 100.0 100.0 100.0 100.0 102.0 104.0 104.0 104.0 104.0 104.0 
8.0 22.0 28.0 50.0 64.0 64.0 64.0 64.0 80.0 86.0 92.0 92.0 92.0 92.0 92.0 92.0 92.0 92.0 94.0 96.0 96.0 96.0 98.0 98.0 98.0 98.0 100.0 104.0 104.0 104.0 104.0 104.0 
20.0 30.0 52.0 66.0 66.0 66.0 66.0 82.0 88.0 94.0 94.0 94.0 94.0 94.0 94.0 94.0 94.0 96.0 98.0 98.0 98.0 100.0 100.0 100.0 100.0 102.0 104.0 104.0 104.0 104.0 104.0 
14.0 46.0 62.0 62.0 64.0 64.0 80.0 86.0 92.0 92.0 92.0 92.0 92.0 92.0 92.0 92.0 94.0 96.0 96.0 96.0 98.0 98.0 98.0 98.0 100.0 104.0 104.0 104.0 104.0 104.0 
42.0 60.0 60.0 62.0 62.0 78.0 84.0 90.0 92.0 92.0 92.0 92.0 92.0 92.0 92.0 94.0 96.0 96.0 96.0 98.0 98.0 98.0 98.0 100.0 104.0 104.0 104.0 104.0 104.0 
46.0 46.0 50.0 50.0 70.0 76.0 84.0 86.0 86.0 86.0 86.0 86.0 86.0 86.0 88.0 90.0 90.0 90.0 92.0 92.0 92.0 92.0 94.0 100.0 100.0 100.0 100.0 100.0 
12.0 30.0 34.0 56.0 62.0 72.0 74.0 74.0 74.0 74.0 74.0 74.0 76.0 78.0 80.0 80.0 80.0 82.0 82.0 82.0 82.0 84.0 90.0 90.0 90.0 90.0 90.0 
22.0 32.0 56.0 62.0 72.0 74.0 74.0 74.0 74.0 74.0 74.0 76.0 78.0 80.0 80.0 80.0 82.0 82.0 82.0 82.0 84.0 90.0 90.0 90.0 90.0 90.0 
20.0 54.0 66.0 70.0 72.0 72.0 72.0 74.0 74.0 74.0 76.0 78.0 80.0 80.0 80.0 82.0 82.0 82.0 82.0 84.0 90.0 90.0 90.0 90.0 90.0 
48.0 64.0 70.0 72.0 72.0 72.0 74.0 74.0 74.0 76.0 78.0 80.0 80.0 80.0 82.0 82.0 82.0 82.0 84.0 90.0 90.0 90.0 90.0 90.0 
56.0 62.0 60.0 60.0 62.0 66.0 66.0 66.0 70.0 72.0 74.0 74.0 74.0 76.0 76.0 76.0 76.0 80.0 86.0 86.0 86.0 86.0 86.0 
52.0 58.0 58.0 64.0 60.0 60.0 60.0 58.0 60.0 62.0 66.0 66.0 68.0 68.0 68.0 68.0 72.0 78.0 78.0 78.0 78.0 78.0 
26.0 32.0 40.0 48.0 50.0 48.0 50.0 54.0 56.0 60.0 60.0 62.0 62.0 62.0 62.0 68.0 74.0 74.0 74.0 78.0 78.0 
8.0 32.0 38.0 42.0 40.0 46.0 52.0 54.0 58.0 58.0 60.0 62.0 62.0 62.0 68.0 74.0 74.0 74.0 78.0 78.0 
32.0 38.0 42.0 42.0 48.0 54.0 56.0 60.0 60.0 62.0 64.0 64.0 64.0 68.0 74.0 74.0 74.0 78.0 78.0 
16.0 26.0 30.0 34.0 36.0 38.0 44.0 46.0 48.0 52.0 54.0 54.0 64.0 72.0 72.0 72.0 76.0 76.0 
10.0 14.0 26.0 30.0 32.0 38.0 40.0 42.0 46.0 48.0 48.0 58.0 64.0 64.0 64.0 68.0 70.0 
4.0 16.0 30.0 32.0 38.0 38.0 40.0 44.0 46.0 46.0 56.0 64.0 64.0 64.0 68.0 70.0 
16.0 32.0 34.0 40.0 40.0 42.0 46.0 48.0 48.0 56.0 64.0 64.0 64.0 68.0 70.0 
16.0 18.0 26.0 26.0 28.0 32.0 34.0 34.0 44.0 56.0 56.0 56.0 60.0 62.0 
4.0 14.0 18.0 20.0 26.0 28.0 28.0 40.0 54.0 54.0 54.0 58.0 60.0 
12.0 14.0 16.0 26.0 28.0 28.0 40.0 54.0 54.0 54.0 58.0 60.0 
8.0 10.0 18.0 20.0 20.0 34.0 50.0 50.0 50.0 58.0 60.0 
2.0 14.0 20.0 20.0 34.0 50.0 50.0 50.0 58.0 60.0 
12.0 20.0 20.0 34.0 50.0 50.0 50.0 58.0 60.0 
12.0 12.0 30.0 46.0 46.0 46.0 54.0 56.0 
2.0 28.0 44.0 44.0 44.0 52.0 54.0 
28.0 44.0 44.0 44.0 52.0 54.0 
34.0 36.0 38.0 48.0 52.0 
12.0 16.0 32.0 36.0 
4.0 28.0 28.0 
26.0 28.0 
24.0 
