12.0 12.0 12.0 20.0 24.0 30.0 30.0 38.0 44.0 50.0 52.0 48.0 66.0 68.0 68.0 68.0 68.0 74.0 74.0 76.0 82.0 82.0 84.0 86.0 84.0 86.0 90.0 90.0 90.0 98.0 98.0 98.0 98.0 98.0 98.0 100.0 100.0 102.0 102.0 102.0 102.0 102.0 104.0 104.0 110.0 110.0 112.0 112.0 112.0 
0.0 0.0 8.0 16.0 22.0 22.0 34.0 42.0 46.0 48.0 44.0 64.0 66.0 66.0 66.0 66.0 72.0 72.0 74.0 80.0 80.0 84.0 86.0 84.0 86.0 90.0 90.0 90.0 98.0 98.0 98.0 98.0 98.0 98.0 100.0 100.0 102.0 102.0 102.0 102.0 102.0 104.0 104.0 110.0 110.0 112.0 112.0 112.0 
0.0 8.0 16.0 22.0 22.0 34.0 42.0 46.0 48.0 44.0 64.0 66.0 66.0 66.0 66.0 72.0 72.0 74.0 80.0 80.0 84.0 86.0 84.0 86.0 90.0 90.0 90.0 98.0 98.0 98.0 98.0 98.0 98.0 100.0 100.0 102.0 102.0 102.0 102.0 102.0 104.0 104.0 110.0 110.0 112.0 112.0 112.0 
8.0 16.0 22.0 22.0 34.0 42.0 46.0 48.0 44.0 64.0 66.0 66.0 66.0 66.0 72.0 72.0 74.0 80.0 80.0 84.0 86.0 84.0 86.0 90.0 90.0 90.0 98.0 98.0 98.0 98.0 98.0 98.0 100.0 100.0 102.0 102.0 102.0 102.0 102.0 104.0 104.0 110.0 110.0 112.0 112.0 112.0 
14.0 20.0 20.0 32.0 40.0 44.0 46.0 42.0 62.0 64.0 64.0 64.0 64.0 70.0 70.0 72.0 78.0 78.0 82.0 84.0 82.0 84.0 88.0 88.0 88.0 96.0 96.0 96.0 96.0 96.0 96.0 98.0 98.0 100.0 100.0 100.0 100.0 100.0 102.0 102.0 108.0 108.0 110.0 110.0 110.0 
14.0 16.0 30.0 38.0 44.0 46.0 42.0 62.0 64.0 64.0 64.0 64.0 70.0 70.0 72.0 78.0 78.0 82.0 84.0 82.0 84.0 88.0 88.0 88.0 96.0 96.0 96.0 96.0 96.0 96.0 98.0 98.0 100.0 100.0 100.0 100.0 100.0 102.0 102.0 108.0 108.0 110.0 110.0 110.0 
4.0 32.0 38.0 44.0 44.0 42.0 62.0 64.0 64.0 64.0 64.0 70.0 70.0 72.0 78.0 78.0 82.0 84.0 82.0 84.0 88.0 88.0 88.0 96.0 96.0 96.0 96.0 96.0 96.0 98.0 98.0 100.0 100.0 100.0 100.0 100.0 102.0 102.0 108.0 108.0 110.0 110.0 110.0 
32.0 38.0 44.0 44.0 42.0 62.0 64.0 64.0 64.0 64.0 70.0 70.0 72.0 78.0 78.0 82.0 84.0 82.0 84.0 88.0 88.0 88.0 96.0 96.0 96.0 96.0 96.0 96.0 98.0 98.0 100.0 100.0 100.0 100.0 100.0 102.0 102.0 108.0 108.0 110.0 110.0 110.0 
30.0 36.0 38.0 34.0 58.0 60.0 60.0 60.0 60.0 68.0 66.0 70.0 76.0 76.0 80.0 82.0 80.0 82.0 86.0 86.0 86.0 96.0 96.0 96.0 96.0 96.0 96.0 98.0 98.0 100.0 100.0 100.0 100.0 100.0 102.0 102.0 108.0 108.0 110.0 110.0 110.0 
22.0 34.0 34.0 56.0 58.0 58.0 58.0 58.0 66.0 64.0 68.0 74.0 74.0 80.0 82.0 80.0 82.0 86.0 86.0 86.0 96.0 96.0 96.0 96.0 96.0 96.0 98.0 98.0 100.0 100.0 100.0 100.0 100.0 102.0 102.0 108.0 108.0 110.0 110.0 110.0 
22.0 24.0 48.0 50.0 50.0 50.0 52.0 60.0 60.0 64.0 72.0 72.0 78.0 80.0 80.0 82.0 86.0 86.0 86.0 96.0 96.0 96.0 96.0 96.0 96.0 98.0 98.0 100.0 100.0 100.0 100.0 100.0 102.0 102.0 108.0 108.0 110.0 110.0 110.0 
8.0 46.0 48.0 48.0 48.0 50.0 58.0 58.0 62.0 70.0 70.0 76.0 78.0 78.0 80.0 84.0 84.0 84.0 94.0 94.0 94.0 94.0 94.0 94.0 96.0 96.0 98.0 98.0 98.0 98.0 98.0 100.0 100.0 106.0 106.0 108.0 108.0 108.0 
48.0 50.0 50.0 50.0 50.0 58.0 58.0 62.0 70.0 70.0 76.0 78.0 78.0 80.0 84.0 84.0 84.0 94.0 94.0 94.0 94.0 94.0 94.0 96.0 96.0 98.0 98.0 98.0 98.0 98.0 100.0 100.0 106.0 106.0 108.0 108.0 108.0 
10.0 12.0 20.0 32.0 40.0 38.0 44.0 54.0 54.0 62.0 66.0 66.0 70.0 78.0 78.0 78.0 88.0 88.0 88.0 88.0 88.0 88.0 90.0 90.0 92.0 92.0 92.0 92.0 92.0 94.0 94.0 100.0 100.0 106.0 106.0 106.0 
2.0 18.0 32.0 38.0 36.0 42.0 52.0 52.0 62.0 66.0 66.0 70.0 78.0 78.0 78.0 88.0 88.0 88.0 88.0 88.0 88.0 90.0 90.0 92.0 92.0 92.0 92.0 92.0 94.0 94.0 100.0 100.0 106.0 106.0 106.0 
18.0 32.0 38.0 36.0 42.0 52.0 52.0 62.0 66.0 66.0 70.0 78.0 78.0 78.0 88.0 88.0 88.0 88.0 88.0 88.0 90.0 90.0 92.0 92.0 92.0 92.0 92.0 94.0 94.0 100.0 100.0 106.0 106.0 106.0 
28.0 32.0 32.0 42.0 50.0 50.0 62.0 66.0 66.0 70.0 78.0 78.0 78.0 88.0 88.0 88.0 88.0 88.0 88.0 90.0 90.0 92.0 92.0 92.0 92.0 92.0 94.0 94.0 100.0 100.0 106.0 106.0 106.0 
14.0 18.0 32.0 44.0 42.0 54.0 62.0 62.0 66.0 74.0 74.0 74.0 84.0 84.0 84.0 84.0 84.0 84.0 86.0 86.0 88.0 88.0 88.0 88.0 88.0 90.0 90.0 96.0 96.0 102.0 102.0 102.0 
14.0 28.0 42.0 42.0 56.0 60.0 60.0 64.0 72.0 72.0 72.0 82.0 82.0 82.0 82.0 82.0 82.0 84.0 84.0 86.0 86.0 86.0 86.0 86.0 88.0 88.0 94.0 94.0 100.0 100.0 100.0 
28.0 40.0 40.0 54.0 60.0 60.0 64.0 72.0 72.0 72.0 82.0 82.0 82.0 82.0 82.0 82.0 84.0 84.0 86.0 86.0 86.0 86.0 86.0 88.0 88.0 94.0 94.0 100.0 100.0 100.0 
24.0 22.0 46.0 54.0 54.0 58.0 68.0 68.0 68.0 80.0 80.0 80.0 80.0 80.0 80.0 82.0 82.0 84.0 84.0 84.0 84.0 84.0 86.0 86.0 92.0 92.0 98.0 98.0 98.0 
4.0 36.0 50.0 48.0 54.0 64.0 64.0 64.0 76.0 76.0 76.0 76.0 76.0 76.0 78.0 78.0 82.0 82.0 82.0 82.0 82.0 84.0 84.0 90.0 90.0 96.0 96.0 96.0 
34.0 50.0 48.0 54.0 64.0 64.0 64.0 76.0 76.0 76.0 76.0 76.0 76.0 78.0 78.0 82.0 82.0 82.0 82.0 82.0 84.0 84.0 90.0 90.0 96.0 96.0 96.0 
32.0 32.0 40.0 54.0 54.0 54.0 64.0 66.0 66.0 66.0 66.0 68.0 70.0 72.0 74.0 74.0 74.0 74.0 74.0 76.0 76.0 82.0 82.0 88.0 92.0 92.0 
24.0 26.0 48.0 50.0 52.0 64.0 66.0 66.0 66.0 66.0 68.0 68.0 70.0 72.0 72.0 72.0 72.0 72.0 74.0 74.0 80.0 80.0 88.0 92.0 92.0 
30.0 48.0 50.0 48.0 60.0 64.0 64.0 64.0 64.0 66.0 70.0 68.0 74.0 74.0 74.0 74.0 74.0 76.0 76.0 82.0 82.0 90.0 90.0 90.0 
32.0 34.0 40.0 56.0 56.0 56.0 56.0 58.0 58.0 62.0 64.0 66.0 66.0 66.0 66.0 66.0 68.0 68.0 74.0 74.0 84.0 88.0 88.0 
12.0 22.0 54.0 52.0 56.0 54.0 58.0 56.0 60.0 64.0 66.0 66.0 66.0 66.0 66.0 68.0 68.0 74.0 74.0 84.0 88.0 88.0 
24.0 54.0 52.0 56.0 54.0 58.0 56.0 60.0 64.0 66.0 66.0 66.0 66.0 66.0 68.0 68.0 74.0 74.0 84.0 88.0 88.0 
48.0 48.0 54.0 52.0 56.0 54.0 58.0 62.0 64.0 64.0 64.0 64.0 64.0 66.0 66.0 72.0 72.0 84.0 88.0 88.0 
14.0 16.0 30.0 30.0 38.0 44.0 46.0 58.0 58.0 58.0 58.0 58.0 60.0 58.0 64.0 64.0 78.0 84.0 84.0 
14.0 24.0 32.0 32.0 36.0 42.0 58.0 58.0 58.0 58.0 58.0 60.0 58.0 64.0 64.0 78.0 84.0 84.0 
22.0 22.0 32.0 36.0 38.0 54.0 54.0 54.0 54.0 54.0 56.0 54.0 60.0 60.0 74.0 80.0 80.0 
16.0 22.0 30.0 34.0 48.0 48.0 48.0 48.0 48.0 52.0 50.0 56.0 58.0 72.0 76.0 76.0 
16.0 24.0 26.0 42.0 42.0 42.0 42.0 42.0 46.0 44.0 50.0 52.0 68.0 72.0 72.0 
8.0 16.0 40.0 40.0 40.0 40.0 40.0 44.0 42.0 50.0 52.0 68.0 72.0 72.0 
12.0 38.0 38.0 38.0 38.0 38.0 42.0 42.0 50.0 52.0 68.0 70.0 70.0 
38.0 38.0 38.0 38.0 38.0 42.0 44.0 52.0 54.0 70.0 68.0 68.0 
0.0 0.0 4.0 4.0 16.0 18.0 36.0 42.0 64.0 68.0 68.0 
0.0 4.0 4.0 16.0 18.0 36.0 42.0 64.0 68.0 68.0 
4.0 4.0 16.0 18.0 36.0 42.0 64.0 68.0 68.0 
0.0 16.0 18.0 36.0 42.0 64.0 68.0 68.0 
16.0 18.0 36.0 42.0 64.0 68.0 68.0 
2.0 26.0 32.0 56.0 60.0 60.0 
24.0 30.0 54.0 60.0 60.0 
12.0 42.0 50.0 50.0 
36.0 48.0 48.0 
32.0 34.0 
8.0 
