22.0 20.0 24.0 24.0 26.0 26.0 26.0 26.0 38.0 38.0 42.0 66.0 68.0 68.0 72.0 82.0 82.0 82.0 82.0 82.0 82.0 86.0 82.0 86.0 92.0 94.0 100.0 102.0 102.0 102.0 102.0 102.0 110.0 110.0 110.0 110.0 110.0 110.0 112.0 120.0 122.0 122.0 122.0 126.0 126.0 126.0 128.0 128.0 128.0 
2.0 6.0 4.0 10.0 10.0 8.0 8.0 22.0 22.0 26.0 58.0 60.0 60.0 64.0 74.0 74.0 74.0 74.0 74.0 74.0 78.0 74.0 78.0 84.0 86.0 98.0 100.0 100.0 102.0 102.0 102.0 110.0 110.0 110.0 110.0 110.0 110.0 112.0 120.0 122.0 122.0 122.0 126.0 126.0 126.0 128.0 128.0 128.0 
6.0 6.0 10.0 10.0 6.0 6.0 22.0 22.0 26.0 58.0 60.0 60.0 64.0 74.0 74.0 74.0 74.0 74.0 74.0 78.0 74.0 78.0 84.0 86.0 98.0 100.0 100.0 102.0 102.0 102.0 110.0 110.0 110.0 110.0 110.0 110.0 112.0 120.0 122.0 122.0 122.0 126.0 126.0 126.0 128.0 128.0 128.0 
6.0 12.0 12.0 10.0 10.0 22.0 22.0 26.0 58.0 60.0 60.0 64.0 74.0 74.0 74.0 74.0 74.0 74.0 78.0 74.0 78.0 84.0 86.0 98.0 100.0 100.0 102.0 102.0 102.0 110.0 110.0 110.0 110.0 110.0 110.0 112.0 120.0 122.0 122.0 122.0 126.0 126.0 126.0 128.0 128.0 128.0 
12.0 12.0 10.0 10.0 22.0 22.0 26.0 58.0 60.0 60.0 64.0 74.0 74.0 74.0 74.0 74.0 74.0 78.0 74.0 78.0 84.0 86.0 98.0 100.0 100.0 102.0 102.0 102.0 110.0 110.0 110.0 110.0 110.0 110.0 112.0 120.0 122.0 122.0 122.0 126.0 126.0 126.0 128.0 128.0 128.0 
2.0 6.0 8.0 22.0 22.0 26.0 58.0 60.0 60.0 64.0 74.0 74.0 74.0 74.0 74.0 74.0 78.0 74.0 78.0 84.0 86.0 98.0 100.0 100.0 102.0 102.0 102.0 110.0 110.0 110.0 110.0 110.0 110.0 112.0 120.0 122.0 122.0 122.0 126.0 126.0 126.0 128.0 128.0 128.0 
4.0 6.0 22.0 22.0 26.0 58.0 60.0 60.0 64.0 74.0 74.0 74.0 74.0 74.0 74.0 78.0 74.0 78.0 84.0 86.0 98.0 100.0 100.0 102.0 102.0 102.0 110.0 110.0 110.0 110.0 110.0 110.0 112.0 120.0 122.0 122.0 122.0 126.0 126.0 126.0 128.0 128.0 128.0 
2.0 22.0 22.0 26.0 58.0 60.0 60.0 64.0 74.0 74.0 74.0 74.0 74.0 74.0 78.0 74.0 78.0 84.0 86.0 98.0 100.0 100.0 102.0 102.0 102.0 110.0 110.0 110.0 110.0 110.0 110.0 112.0 120.0 122.0 122.0 122.0 126.0 126.0 126.0 128.0 128.0 128.0 
22.0 22.0 26.0 58.0 60.0 60.0 64.0 74.0 74.0 74.0 74.0 74.0 74.0 78.0 74.0 78.0 84.0 86.0 98.0 100.0 100.0 102.0 102.0 102.0 110.0 110.0 110.0 110.0 110.0 110.0 112.0 120.0 122.0 122.0 122.0 126.0 126.0 126.0 128.0 128.0 128.0 
6.0 12.0 54.0 56.0 56.0 60.0 70.0 70.0 70.0 72.0 72.0 72.0 76.0 72.0 78.0 84.0 86.0 98.0 100.0 100.0 102.0 102.0 102.0 110.0 110.0 110.0 110.0 110.0 110.0 112.0 120.0 122.0 122.0 122.0 126.0 126.0 126.0 128.0 128.0 128.0 
12.0 54.0 56.0 56.0 60.0 70.0 70.0 70.0 72.0 72.0 72.0 76.0 72.0 78.0 84.0 86.0 98.0 100.0 100.0 102.0 102.0 102.0 110.0 110.0 110.0 110.0 110.0 110.0 112.0 120.0 122.0 122.0 122.0 126.0 126.0 126.0 128.0 128.0 128.0 
54.0 56.0 56.0 60.0 70.0 70.0 70.0 72.0 72.0 72.0 76.0 72.0 78.0 84.0 86.0 98.0 100.0 100.0 102.0 102.0 102.0 110.0 110.0 110.0 110.0 110.0 110.0 112.0 120.0 122.0 122.0 122.0 126.0 126.0 126.0 128.0 128.0 128.0 
18.0 30.0 34.0 58.0 52.0 56.0 56.0 56.0 58.0 62.0 58.0 66.0 74.0 78.0 94.0 96.0 98.0 100.0 100.0 100.0 108.0 108.0 108.0 108.0 108.0 108.0 110.0 118.0 120.0 120.0 120.0 124.0 124.0 124.0 126.0 126.0 126.0 
18.0 32.0 54.0 54.0 50.0 52.0 52.0 56.0 60.0 54.0 64.0 72.0 76.0 92.0 94.0 96.0 98.0 98.0 98.0 106.0 106.0 106.0 106.0 106.0 106.0 108.0 116.0 118.0 118.0 118.0 122.0 122.0 122.0 124.0 124.0 124.0 
24.0 52.0 52.0 48.0 50.0 52.0 54.0 58.0 52.0 62.0 70.0 74.0 92.0 94.0 96.0 98.0 98.0 98.0 106.0 106.0 106.0 106.0 106.0 106.0 108.0 116.0 118.0 118.0 118.0 122.0 122.0 122.0 124.0 124.0 124.0 
48.0 42.0 46.0 46.0 52.0 52.0 56.0 50.0 62.0 70.0 74.0 92.0 94.0 96.0 98.0 98.0 98.0 106.0 106.0 106.0 106.0 106.0 106.0 108.0 116.0 118.0 118.0 118.0 122.0 122.0 122.0 124.0 124.0 124.0 
24.0 26.0 16.0 36.0 38.0 42.0 40.0 48.0 58.0 66.0 84.0 86.0 86.0 88.0 90.0 92.0 102.0 102.0 102.0 102.0 102.0 102.0 106.0 114.0 116.0 116.0 116.0 120.0 120.0 120.0 122.0 122.0 122.0 
22.0 22.0 38.0 36.0 42.0 40.0 48.0 58.0 66.0 84.0 86.0 86.0 88.0 90.0 92.0 102.0 102.0 102.0 102.0 102.0 102.0 106.0 114.0 116.0 116.0 116.0 120.0 120.0 120.0 122.0 122.0 122.0 
22.0 36.0 38.0 42.0 40.0 48.0 58.0 64.0 82.0 84.0 86.0 88.0 90.0 92.0 102.0 102.0 102.0 102.0 102.0 102.0 106.0 114.0 116.0 116.0 116.0 120.0 120.0 120.0 122.0 122.0 122.0 
28.0 36.0 40.0 36.0 46.0 56.0 64.0 82.0 84.0 86.0 88.0 90.0 92.0 102.0 102.0 102.0 102.0 102.0 102.0 106.0 114.0 116.0 116.0 116.0 120.0 120.0 120.0 122.0 122.0 122.0 
22.0 28.0 26.0 40.0 50.0 60.0 78.0 82.0 84.0 86.0 88.0 90.0 100.0 100.0 100.0 100.0 100.0 100.0 104.0 112.0 114.0 114.0 114.0 118.0 118.0 118.0 122.0 122.0 122.0 
28.0 28.0 40.0 50.0 60.0 78.0 82.0 84.0 86.0 88.0 90.0 100.0 100.0 100.0 100.0 100.0 100.0 104.0 112.0 114.0 114.0 114.0 118.0 118.0 118.0 122.0 122.0 122.0 
28.0 38.0 48.0 58.0 76.0 80.0 82.0 84.0 86.0 88.0 98.0 98.0 98.0 98.0 100.0 100.0 104.0 112.0 114.0 114.0 114.0 118.0 118.0 118.0 122.0 122.0 122.0 
38.0 48.0 58.0 76.0 80.0 82.0 84.0 86.0 88.0 98.0 98.0 98.0 98.0 100.0 100.0 104.0 112.0 114.0 114.0 114.0 118.0 118.0 118.0 122.0 122.0 122.0 
40.0 52.0 72.0 78.0 80.0 84.0 84.0 86.0 96.0 96.0 96.0 96.0 98.0 98.0 102.0 112.0 114.0 114.0 114.0 118.0 118.0 118.0 122.0 122.0 122.0 
36.0 66.0 76.0 78.0 82.0 82.0 84.0 94.0 94.0 94.0 94.0 96.0 96.0 100.0 110.0 112.0 112.0 112.0 116.0 116.0 116.0 120.0 120.0 120.0 
54.0 66.0 68.0 70.0 70.0 74.0 88.0 88.0 92.0 92.0 94.0 94.0 98.0 106.0 108.0 110.0 110.0 114.0 114.0 114.0 118.0 118.0 118.0 
42.0 46.0 52.0 46.0 52.0 74.0 74.0 80.0 80.0 82.0 82.0 86.0 96.0 98.0 100.0 100.0 104.0 104.0 104.0 108.0 108.0 108.0 
14.0 32.0 28.0 40.0 68.0 72.0 74.0 74.0 76.0 76.0 80.0 90.0 94.0 96.0 96.0 102.0 102.0 102.0 106.0 106.0 106.0 
28.0 24.0 38.0 68.0 72.0 74.0 74.0 76.0 76.0 80.0 90.0 94.0 96.0 96.0 102.0 102.0 102.0 106.0 106.0 106.0 
30.0 36.0 64.0 68.0 70.0 70.0 72.0 72.0 76.0 86.0 90.0 92.0 92.0 98.0 98.0 98.0 102.0 102.0 102.0 
18.0 60.0 64.0 66.0 66.0 68.0 68.0 74.0 86.0 90.0 92.0 92.0 98.0 98.0 98.0 102.0 102.0 102.0 
58.0 64.0 62.0 66.0 68.0 68.0 72.0 86.0 90.0 92.0 92.0 98.0 98.0 98.0 102.0 102.0 102.0 
28.0 46.0 44.0 54.0 50.0 58.0 74.0 80.0 84.0 84.0 88.0 88.0 88.0 92.0 92.0 92.0 
34.0 30.0 42.0 40.0 54.0 66.0 74.0 78.0 78.0 82.0 82.0 82.0 86.0 86.0 86.0 
6.0 36.0 34.0 40.0 70.0 76.0 76.0 76.0 82.0 82.0 82.0 86.0 86.0 86.0 
30.0 28.0 42.0 64.0 72.0 76.0 76.0 82.0 82.0 82.0 86.0 86.0 86.0 
16.0 28.0 60.0 68.0 74.0 74.0 80.0 80.0 80.0 84.0 84.0 84.0 
24.0 60.0 70.0 74.0 74.0 80.0 80.0 80.0 84.0 84.0 84.0 
62.0 70.0 70.0 70.0 76.0 76.0 76.0 80.0 80.0 80.0 
20.0 32.0 34.0 50.0 50.0 50.0 54.0 54.0 54.0 
24.0 26.0 44.0 44.0 46.0 50.0 50.0 50.0 
6.0 32.0 36.0 38.0 42.0 42.0 42.0 
30.0 34.0 36.0 40.0 40.0 40.0 
8.0 10.0 28.0 28.0 28.0 
4.0 24.0 24.0 24.0 
22.0 22.0 22.0 
0.0 4.0 
4.0 
