28.0 42.0 44.0 44.0 44.0 46.0 42.0 52.0 52.0 58.0 56.0 60.0 66.0 68.0 68.0 68.0 70.0 74.0 88.0 88.0 88.0 86.0 84.0 84.0 84.0 94.0 94.0 100.0 108.0 112.0 114.0 114.0 114.0 114.0 114.0 114.0 116.0 118.0 120.0 120.0 122.0 122.0 122.0 124.0 124.0 124.0 124.0 124.0 124.0 
14.0 22.0 22.0 24.0 26.0 26.0 38.0 42.0 54.0 52.0 54.0 62.0 62.0 62.0 62.0 66.0 74.0 88.0 88.0 88.0 86.0 84.0 84.0 84.0 94.0 94.0 100.0 108.0 112.0 114.0 114.0 114.0 114.0 114.0 114.0 116.0 118.0 120.0 120.0 122.0 122.0 122.0 124.0 124.0 124.0 124.0 124.0 124.0 
8.0 8.0 10.0 12.0 14.0 26.0 30.0 42.0 38.0 40.0 48.0 48.0 54.0 54.0 58.0 66.0 88.0 88.0 88.0 86.0 84.0 84.0 84.0 94.0 94.0 100.0 108.0 112.0 114.0 114.0 114.0 114.0 114.0 114.0 116.0 118.0 120.0 120.0 122.0 122.0 122.0 124.0 124.0 124.0 124.0 124.0 124.0 
0.0 6.0 8.0 10.0 26.0 30.0 42.0 38.0 40.0 48.0 48.0 54.0 54.0 58.0 66.0 88.0 88.0 88.0 86.0 84.0 84.0 84.0 94.0 94.0 100.0 108.0 112.0 114.0 114.0 114.0 114.0 114.0 114.0 116.0 118.0 120.0 120.0 122.0 122.0 122.0 124.0 124.0 124.0 124.0 124.0 124.0 
6.0 8.0 10.0 26.0 30.0 42.0 38.0 40.0 48.0 48.0 54.0 54.0 58.0 66.0 88.0 88.0 88.0 86.0 84.0 84.0 84.0 94.0 94.0 100.0 108.0 112.0 114.0 114.0 114.0 114.0 114.0 114.0 116.0 118.0 120.0 120.0 122.0 122.0 122.0 124.0 124.0 124.0 124.0 124.0 124.0 
2.0 4.0 26.0 30.0 42.0 38.0 40.0 48.0 48.0 54.0 54.0 58.0 66.0 88.0 88.0 88.0 86.0 84.0 84.0 84.0 94.0 94.0 100.0 108.0 112.0 114.0 114.0 114.0 114.0 114.0 114.0 116.0 118.0 120.0 120.0 122.0 122.0 122.0 124.0 124.0 124.0 124.0 124.0 124.0 
6.0 28.0 32.0 42.0 38.0 40.0 50.0 48.0 54.0 54.0 58.0 66.0 88.0 88.0 88.0 86.0 84.0 84.0 84.0 94.0 94.0 100.0 108.0 112.0 114.0 114.0 114.0 114.0 114.0 114.0 116.0 118.0 120.0 120.0 122.0 122.0 122.0 124.0 124.0 124.0 124.0 124.0 124.0 
26.0 30.0 38.0 38.0 42.0 50.0 50.0 56.0 56.0 60.0 68.0 88.0 88.0 88.0 86.0 84.0 84.0 84.0 94.0 94.0 100.0 108.0 112.0 114.0 114.0 114.0 114.0 114.0 114.0 116.0 118.0 120.0 120.0 122.0 122.0 122.0 124.0 124.0 124.0 124.0 124.0 124.0 
16.0 28.0 36.0 40.0 46.0 46.0 54.0 54.0 58.0 66.0 88.0 88.0 88.0 86.0 84.0 84.0 84.0 94.0 94.0 100.0 108.0 112.0 114.0 114.0 114.0 114.0 114.0 114.0 116.0 118.0 120.0 120.0 122.0 122.0 122.0 124.0 124.0 124.0 124.0 124.0 124.0 
20.0 28.0 34.0 44.0 48.0 56.0 56.0 58.0 66.0 88.0 88.0 88.0 86.0 84.0 84.0 84.0 94.0 94.0 100.0 108.0 112.0 114.0 114.0 114.0 114.0 114.0 114.0 116.0 118.0 120.0 120.0 122.0 122.0 122.0 124.0 124.0 124.0 124.0 124.0 124.0 
8.0 26.0 48.0 46.0 54.0 58.0 60.0 66.0 88.0 88.0 88.0 86.0 84.0 84.0 84.0 94.0 94.0 100.0 108.0 112.0 114.0 114.0 114.0 114.0 114.0 114.0 116.0 118.0 120.0 120.0 122.0 122.0 122.0 124.0 124.0 124.0 124.0 124.0 124.0 
20.0 46.0 44.0 52.0 56.0 58.0 64.0 88.0 88.0 88.0 86.0 84.0 84.0 84.0 94.0 94.0 100.0 108.0 112.0 114.0 114.0 114.0 114.0 114.0 114.0 116.0 118.0 120.0 120.0 122.0 122.0 122.0 124.0 124.0 124.0 124.0 124.0 124.0 
36.0 36.0 44.0 56.0 58.0 64.0 88.0 88.0 88.0 86.0 84.0 84.0 84.0 94.0 94.0 100.0 108.0 112.0 114.0 114.0 114.0 114.0 114.0 114.0 116.0 118.0 120.0 120.0 122.0 122.0 122.0 124.0 124.0 124.0 124.0 124.0 124.0 
26.0 42.0 56.0 56.0 62.0 88.0 88.0 88.0 86.0 84.0 84.0 84.0 94.0 94.0 100.0 108.0 112.0 114.0 114.0 114.0 114.0 114.0 114.0 116.0 118.0 120.0 120.0 122.0 122.0 122.0 124.0 124.0 124.0 124.0 124.0 124.0 
28.0 52.0 54.0 62.0 88.0 88.0 88.0 86.0 84.0 84.0 84.0 94.0 94.0 100.0 108.0 112.0 114.0 114.0 114.0 114.0 114.0 114.0 116.0 118.0 120.0 120.0 122.0 122.0 122.0 124.0 124.0 124.0 124.0 124.0 124.0 
48.0 50.0 60.0 86.0 86.0 86.0 82.0 82.0 82.0 82.0 94.0 94.0 100.0 108.0 112.0 114.0 114.0 114.0 114.0 114.0 114.0 116.0 118.0 120.0 120.0 122.0 122.0 122.0 124.0 124.0 124.0 124.0 124.0 124.0 
10.0 46.0 74.0 74.0 74.0 72.0 70.0 70.0 70.0 84.0 84.0 92.0 102.0 106.0 106.0 106.0 106.0 106.0 106.0 106.0 108.0 112.0 114.0 114.0 118.0 118.0 118.0 120.0 120.0 120.0 120.0 120.0 120.0 
40.0 70.0 70.0 70.0 68.0 66.0 66.0 68.0 82.0 82.0 92.0 102.0 106.0 106.0 106.0 106.0 106.0 106.0 106.0 108.0 112.0 114.0 114.0 118.0 118.0 118.0 120.0 120.0 120.0 120.0 120.0 120.0 
64.0 64.0 62.0 60.0 58.0 58.0 60.0 80.0 80.0 90.0 98.0 104.0 104.0 104.0 104.0 104.0 104.0 104.0 106.0 110.0 114.0 114.0 118.0 118.0 118.0 120.0 120.0 120.0 120.0 120.0 120.0 
16.0 26.0 28.0 36.0 34.0 40.0 64.0 64.0 74.0 84.0 92.0 94.0 94.0 96.0 96.0 96.0 96.0 98.0 102.0 106.0 106.0 110.0 110.0 110.0 112.0 112.0 112.0 112.0 112.0 112.0 
14.0 22.0 28.0 26.0 28.0 58.0 58.0 72.0 82.0 90.0 92.0 92.0 94.0 94.0 94.0 94.0 96.0 100.0 104.0 104.0 110.0 110.0 110.0 112.0 112.0 112.0 112.0 112.0 112.0 
14.0 20.0 18.0 26.0 60.0 60.0 72.0 82.0 90.0 92.0 92.0 94.0 94.0 94.0 94.0 96.0 100.0 104.0 104.0 110.0 110.0 110.0 112.0 112.0 112.0 112.0 112.0 112.0 
24.0 24.0 34.0 62.0 62.0 72.0 82.0 90.0 92.0 92.0 94.0 94.0 94.0 94.0 96.0 100.0 104.0 104.0 110.0 110.0 110.0 112.0 112.0 112.0 112.0 112.0 112.0 
4.0 16.0 56.0 58.0 70.0 80.0 88.0 90.0 90.0 92.0 92.0 92.0 92.0 94.0 98.0 102.0 102.0 106.0 106.0 106.0 110.0 110.0 110.0 110.0 110.0 110.0 
16.0 58.0 60.0 72.0 82.0 90.0 92.0 92.0 94.0 94.0 94.0 94.0 96.0 100.0 104.0 104.0 108.0 108.0 108.0 110.0 110.0 110.0 110.0 110.0 110.0 
52.0 54.0 68.0 78.0 88.0 90.0 90.0 92.0 92.0 92.0 92.0 94.0 98.0 102.0 102.0 108.0 108.0 108.0 110.0 110.0 110.0 110.0 110.0 110.0 
10.0 30.0 42.0 64.0 74.0 72.0 76.0 78.0 82.0 82.0 82.0 88.0 94.0 94.0 98.0 98.0 98.0 102.0 102.0 102.0 102.0 102.0 102.0 
32.0 44.0 66.0 74.0 72.0 76.0 78.0 82.0 82.0 82.0 88.0 94.0 94.0 98.0 98.0 98.0 102.0 102.0 102.0 102.0 102.0 102.0 
12.0 54.0 68.0 66.0 70.0 72.0 76.0 76.0 78.0 84.0 92.0 92.0 98.0 98.0 98.0 102.0 102.0 102.0 102.0 102.0 102.0 
48.0 66.0 64.0 64.0 66.0 70.0 70.0 72.0 78.0 86.0 86.0 92.0 92.0 92.0 96.0 96.0 96.0 96.0 96.0 96.0 
40.0 42.0 44.0 48.0 54.0 54.0 64.0 70.0 80.0 80.0 88.0 88.0 88.0 92.0 92.0 92.0 92.0 92.0 92.0 
20.0 26.0 26.0 36.0 36.0 50.0 60.0 74.0 76.0 86.0 86.0 86.0 90.0 90.0 90.0 90.0 90.0 90.0 
24.0 32.0 40.0 40.0 54.0 60.0 74.0 76.0 86.0 86.0 86.0 90.0 90.0 90.0 90.0 90.0 90.0 
22.0 32.0 32.0 46.0 54.0 70.0 72.0 82.0 82.0 82.0 86.0 86.0 86.0 86.0 86.0 86.0 
26.0 26.0 40.0 48.0 68.0 70.0 80.0 80.0 80.0 84.0 84.0 84.0 84.0 84.0 84.0 
2.0 30.0 36.0 72.0 68.0 78.0 78.0 78.0 88.0 88.0 88.0 88.0 88.0 88.0 
28.0 34.0 72.0 68.0 78.0 78.0 78.0 88.0 88.0 88.0 88.0 88.0 88.0 
24.0 68.0 64.0 74.0 74.0 74.0 86.0 86.0 86.0 86.0 86.0 86.0 
60.0 68.0 78.0 78.0 78.0 82.0 82.0 82.0 82.0 82.0 82.0 
16.0 52.0 54.0 56.0 64.0 64.0 64.0 66.0 68.0 68.0 
40.0 42.0 46.0 64.0 64.0 64.0 66.0 68.0 68.0 
8.0 16.0 40.0 42.0 48.0 54.0 56.0 56.0 
12.0 40.0 42.0 46.0 52.0 54.0 54.0 
40.0 42.0 46.0 52.0 54.0 54.0 
2.0 12.0 20.0 28.0 28.0 
10.0 20.0 28.0 28.0 
16.0 24.0 28.0 
24.0 28.0 
10.0 
