30.0 38.0 38.0 38.0 38.0 62.0 64.0 64.0 64.0 64.0 64.0 70.0 70.0 70.0 72.0 64.0 76.0 76.0 76.0 76.0 76.0 76.0 82.0 82.0 84.0 84.0 84.0 84.0 84.0 84.0 84.0 84.0 86.0 86.0 86.0 86.0 86.0 86.0 86.0 86.0 86.0 86.0 86.0 90.0 90.0 92.0 92.0 92.0 92.0 
16.0 16.0 16.0 16.0 48.0 52.0 52.0 56.0 58.0 58.0 66.0 66.0 66.0 70.0 60.0 74.0 74.0 74.0 74.0 76.0 76.0 82.0 82.0 84.0 84.0 84.0 84.0 84.0 84.0 84.0 84.0 86.0 86.0 86.0 86.0 86.0 86.0 86.0 86.0 86.0 86.0 86.0 90.0 90.0 92.0 92.0 92.0 92.0 
4.0 4.0 0.0 34.0 42.0 44.0 50.0 56.0 56.0 64.0 64.0 64.0 68.0 58.0 72.0 72.0 72.0 72.0 74.0 74.0 80.0 80.0 82.0 82.0 82.0 82.0 82.0 82.0 82.0 82.0 84.0 84.0 84.0 84.0 84.0 84.0 84.0 84.0 84.0 84.0 84.0 88.0 88.0 90.0 90.0 90.0 90.0 
0.0 4.0 38.0 46.0 46.0 50.0 56.0 56.0 64.0 64.0 64.0 68.0 58.0 72.0 72.0 72.0 72.0 74.0 74.0 80.0 80.0 82.0 82.0 82.0 82.0 82.0 82.0 82.0 82.0 84.0 84.0 84.0 84.0 84.0 84.0 84.0 84.0 84.0 84.0 84.0 88.0 88.0 90.0 90.0 90.0 90.0 
4.0 38.0 46.0 46.0 50.0 56.0 56.0 64.0 64.0 64.0 68.0 58.0 72.0 72.0 72.0 72.0 74.0 74.0 80.0 80.0 82.0 82.0 82.0 82.0 82.0 82.0 82.0 82.0 84.0 84.0 84.0 84.0 84.0 84.0 84.0 84.0 84.0 84.0 84.0 88.0 88.0 90.0 90.0 90.0 90.0 
34.0 42.0 44.0 50.0 56.0 56.0 64.0 64.0 64.0 68.0 58.0 72.0 72.0 72.0 72.0 74.0 74.0 80.0 80.0 82.0 82.0 82.0 82.0 82.0 82.0 82.0 82.0 84.0 84.0 84.0 84.0 84.0 84.0 84.0 84.0 84.0 84.0 84.0 88.0 88.0 90.0 90.0 90.0 90.0 
18.0 26.0 36.0 44.0 48.0 58.0 58.0 58.0 62.0 54.0 68.0 68.0 68.0 68.0 70.0 70.0 76.0 76.0 78.0 78.0 80.0 80.0 80.0 80.0 80.0 80.0 82.0 82.0 82.0 82.0 82.0 82.0 82.0 82.0 82.0 82.0 82.0 86.0 86.0 88.0 88.0 88.0 88.0 
12.0 32.0 40.0 44.0 56.0 58.0 58.0 62.0 52.0 66.0 66.0 66.0 66.0 68.0 70.0 76.0 76.0 78.0 78.0 80.0 80.0 80.0 80.0 80.0 80.0 82.0 82.0 82.0 82.0 82.0 82.0 82.0 82.0 82.0 82.0 82.0 86.0 86.0 88.0 88.0 88.0 88.0 
28.0 40.0 44.0 56.0 58.0 58.0 62.0 52.0 66.0 66.0 66.0 66.0 68.0 70.0 76.0 76.0 78.0 78.0 80.0 80.0 80.0 80.0 80.0 80.0 82.0 82.0 82.0 82.0 82.0 82.0 82.0 82.0 82.0 82.0 82.0 86.0 86.0 88.0 88.0 88.0 88.0 
36.0 40.0 56.0 58.0 58.0 62.0 48.0 66.0 66.0 66.0 66.0 68.0 70.0 76.0 76.0 78.0 78.0 80.0 80.0 80.0 80.0 80.0 80.0 82.0 82.0 82.0 82.0 82.0 82.0 82.0 82.0 82.0 82.0 82.0 86.0 86.0 88.0 88.0 88.0 88.0 
20.0 48.0 50.0 50.0 54.0 40.0 60.0 60.0 62.0 62.0 64.0 66.0 72.0 72.0 74.0 74.0 76.0 76.0 76.0 76.0 76.0 76.0 78.0 78.0 78.0 78.0 78.0 78.0 78.0 78.0 78.0 78.0 78.0 82.0 82.0 84.0 84.0 84.0 84.0 
40.0 46.0 46.0 50.0 36.0 58.0 58.0 60.0 60.0 62.0 64.0 70.0 70.0 72.0 72.0 74.0 74.0 74.0 74.0 74.0 74.0 76.0 76.0 76.0 76.0 76.0 76.0 76.0 76.0 76.0 78.0 78.0 82.0 82.0 84.0 84.0 84.0 84.0 
24.0 26.0 38.0 40.0 52.0 52.0 54.0 54.0 56.0 58.0 60.0 64.0 66.0 66.0 68.0 68.0 68.0 68.0 68.0 68.0 70.0 70.0 70.0 70.0 70.0 70.0 70.0 70.0 70.0 72.0 72.0 76.0 76.0 78.0 78.0 78.0 78.0 
2.0 24.0 40.0 52.0 52.0 54.0 54.0 56.0 54.0 54.0 58.0 66.0 64.0 66.0 66.0 68.0 66.0 68.0 68.0 68.0 68.0 68.0 68.0 68.0 68.0 68.0 68.0 68.0 70.0 72.0 76.0 76.0 78.0 78.0 78.0 78.0 
24.0 40.0 52.0 52.0 54.0 54.0 56.0 54.0 54.0 58.0 66.0 64.0 66.0 66.0 68.0 66.0 68.0 68.0 68.0 68.0 68.0 68.0 68.0 68.0 68.0 68.0 68.0 70.0 72.0 76.0 76.0 78.0 78.0 78.0 78.0 
30.0 48.0 48.0 52.0 52.0 54.0 52.0 48.0 54.0 62.0 60.0 62.0 62.0 64.0 62.0 64.0 64.0 64.0 64.0 64.0 64.0 68.0 68.0 68.0 68.0 68.0 70.0 72.0 76.0 76.0 78.0 78.0 78.0 78.0 
46.0 46.0 50.0 50.0 52.0 54.0 60.0 66.0 68.0 68.0 70.0 70.0 70.0 70.0 70.0 70.0 72.0 72.0 72.0 72.0 76.0 76.0 76.0 76.0 76.0 78.0 78.0 82.0 82.0 84.0 84.0 84.0 84.0 
2.0 16.0 28.0 30.0 32.0 44.0 52.0 56.0 56.0 58.0 58.0 60.0 58.0 58.0 58.0 60.0 62.0 62.0 60.0 66.0 66.0 66.0 66.0 64.0 66.0 74.0 78.0 78.0 80.0 80.0 80.0 80.0 
16.0 28.0 30.0 32.0 44.0 52.0 56.0 56.0 58.0 58.0 60.0 58.0 58.0 58.0 60.0 62.0 62.0 60.0 66.0 66.0 66.0 66.0 64.0 66.0 74.0 78.0 78.0 80.0 80.0 80.0 80.0 
20.0 22.0 30.0 42.0 50.0 54.0 54.0 56.0 56.0 58.0 56.0 56.0 56.0 58.0 60.0 60.0 58.0 64.0 64.0 64.0 64.0 62.0 64.0 72.0 76.0 76.0 78.0 78.0 78.0 78.0 
12.0 24.0 38.0 48.0 54.0 54.0 56.0 56.0 58.0 56.0 56.0 56.0 58.0 60.0 60.0 58.0 64.0 64.0 64.0 64.0 62.0 64.0 72.0 76.0 76.0 78.0 78.0 78.0 78.0 
18.0 32.0 46.0 52.0 54.0 56.0 56.0 58.0 56.0 56.0 56.0 58.0 58.0 58.0 56.0 62.0 62.0 62.0 62.0 62.0 62.0 70.0 74.0 74.0 76.0 76.0 76.0 76.0 
24.0 44.0 52.0 54.0 56.0 56.0 58.0 56.0 56.0 56.0 58.0 58.0 58.0 56.0 62.0 62.0 62.0 62.0 62.0 62.0 70.0 74.0 74.0 76.0 76.0 76.0 76.0 
36.0 46.0 46.0 48.0 48.0 52.0 48.0 50.0 50.0 50.0 50.0 50.0 48.0 54.0 54.0 54.0 54.0 54.0 54.0 64.0 68.0 68.0 70.0 70.0 70.0 70.0 
14.0 12.0 16.0 20.0 22.0 30.0 30.0 34.0 30.0 32.0 32.0 28.0 38.0 40.0 40.0 40.0 42.0 42.0 54.0 62.0 62.0 64.0 64.0 64.0 64.0 
6.0 10.0 14.0 14.0 22.0 22.0 22.0 26.0 28.0 28.0 24.0 32.0 34.0 34.0 34.0 36.0 36.0 46.0 54.0 54.0 56.0 56.0 56.0 56.0 
4.0 8.0 12.0 20.0 20.0 24.0 20.0 26.0 26.0 22.0 32.0 34.0 34.0 34.0 32.0 36.0 48.0 56.0 56.0 58.0 58.0 58.0 58.0 
6.0 8.0 18.0 18.0 22.0 18.0 24.0 24.0 20.0 30.0 32.0 32.0 32.0 30.0 34.0 46.0 54.0 54.0 56.0 56.0 56.0 56.0 
10.0 16.0 16.0 20.0 18.0 24.0 24.0 20.0 30.0 32.0 32.0 32.0 30.0 34.0 46.0 54.0 54.0 56.0 56.0 56.0 56.0 
20.0 16.0 20.0 22.0 24.0 24.0 24.0 30.0 32.0 32.0 32.0 34.0 38.0 48.0 56.0 56.0 58.0 58.0 58.0 58.0 
14.0 14.0 20.0 24.0 26.0 24.0 32.0 34.0 34.0 34.0 26.0 30.0 42.0 54.0 54.0 56.0 56.0 56.0 56.0 
10.0 18.0 22.0 24.0 22.0 32.0 36.0 36.0 36.0 30.0 34.0 42.0 54.0 54.0 56.0 56.0 56.0 56.0 
24.0 28.0 30.0 28.0 36.0 34.0 36.0 36.0 30.0 34.0 42.0 54.0 54.0 56.0 56.0 56.0 56.0 
6.0 14.0 10.0 20.0 24.0 24.0 24.0 26.0 30.0 46.0 54.0 54.0 56.0 56.0 56.0 56.0 
8.0 12.0 18.0 22.0 22.0 22.0 30.0 30.0 46.0 54.0 54.0 56.0 56.0 56.0 56.0 
6.0 18.0 22.0 22.0 22.0 30.0 30.0 46.0 54.0 54.0 56.0 56.0 56.0 56.0 
18.0 22.0 22.0 22.0 28.0 28.0 44.0 52.0 52.0 54.0 54.0 54.0 54.0 
6.0 6.0 10.0 18.0 22.0 42.0 50.0 50.0 52.0 52.0 52.0 52.0 
8.0 6.0 18.0 22.0 42.0 50.0 50.0 52.0 52.0 52.0 52.0 
8.0 16.0 20.0 42.0 50.0 50.0 52.0 52.0 52.0 52.0 
12.0 20.0 42.0 50.0 50.0 52.0 52.0 52.0 52.0 
14.0 38.0 48.0 48.0 52.0 52.0 52.0 52.0 
28.0 38.0 38.0 42.0 42.0 42.0 42.0 
36.0 36.0 40.0 40.0 40.0 40.0 
10.0 18.0 20.0 20.0 20.0 
14.0 20.0 20.0 20.0 
16.0 16.0 16.0 
0.0 0.0 
0.0 
