32.0 44.0 46.0 54.0 68.0 70.0 70.0 74.0 78.0 82.0 82.0 82.0 88.0 88.0 88.0 90.0 90.0 90.0 92.0 92.0 94.0 94.0 94.0 94.0 96.0 96.0 96.0 98.0 98.0 104.0 104.0 104.0 104.0 104.0 104.0 104.0 104.0 106.0 106.0 106.0 106.0 110.0 110.0 110.0 114.0 116.0 116.0 116.0 116.0 
30.0 42.0 50.0 64.0 68.0 70.0 74.0 78.0 82.0 82.0 82.0 88.0 88.0 88.0 90.0 90.0 90.0 92.0 92.0 94.0 94.0 94.0 94.0 96.0 96.0 96.0 98.0 98.0 104.0 104.0 104.0 104.0 104.0 104.0 104.0 104.0 106.0 106.0 106.0 106.0 110.0 110.0 110.0 114.0 116.0 116.0 116.0 116.0 
18.0 28.0 60.0 62.0 64.0 68.0 72.0 76.0 76.0 76.0 82.0 82.0 82.0 84.0 84.0 84.0 86.0 86.0 88.0 88.0 90.0 90.0 92.0 92.0 92.0 94.0 96.0 102.0 102.0 102.0 102.0 102.0 102.0 102.0 102.0 104.0 104.0 104.0 104.0 108.0 108.0 108.0 112.0 114.0 114.0 114.0 114.0 
12.0 54.0 56.0 58.0 62.0 68.0 76.0 76.0 76.0 82.0 82.0 82.0 84.0 84.0 84.0 86.0 86.0 88.0 88.0 90.0 90.0 92.0 92.0 92.0 94.0 96.0 102.0 102.0 102.0 102.0 102.0 102.0 102.0 102.0 104.0 104.0 104.0 104.0 108.0 108.0 108.0 112.0 114.0 114.0 114.0 114.0 
44.0 50.0 54.0 60.0 68.0 76.0 76.0 76.0 82.0 82.0 82.0 84.0 84.0 84.0 86.0 86.0 88.0 88.0 90.0 90.0 92.0 92.0 92.0 94.0 96.0 102.0 102.0 102.0 102.0 102.0 102.0 102.0 102.0 104.0 104.0 104.0 104.0 108.0 108.0 108.0 112.0 114.0 114.0 114.0 114.0 
16.0 24.0 34.0 56.0 66.0 64.0 64.0 70.0 72.0 72.0 74.0 72.0 74.0 78.0 78.0 80.0 80.0 84.0 84.0 86.0 86.0 86.0 88.0 90.0 96.0 96.0 96.0 96.0 96.0 96.0 96.0 96.0 98.0 98.0 98.0 98.0 102.0 102.0 102.0 110.0 112.0 112.0 112.0 112.0 
14.0 24.0 52.0 64.0 66.0 66.0 70.0 72.0 72.0 74.0 72.0 74.0 78.0 78.0 80.0 80.0 84.0 84.0 86.0 86.0 86.0 88.0 90.0 96.0 96.0 96.0 96.0 96.0 96.0 96.0 96.0 98.0 98.0 98.0 98.0 102.0 102.0 102.0 110.0 112.0 112.0 112.0 112.0 
14.0 50.0 62.0 64.0 64.0 68.0 70.0 70.0 72.0 70.0 72.0 76.0 76.0 78.0 78.0 82.0 82.0 84.0 84.0 84.0 86.0 88.0 94.0 94.0 94.0 94.0 94.0 94.0 94.0 94.0 96.0 96.0 96.0 96.0 100.0 100.0 100.0 108.0 110.0 110.0 110.0 110.0 
48.0 62.0 62.0 62.0 66.0 70.0 70.0 70.0 70.0 72.0 76.0 76.0 78.0 78.0 82.0 82.0 84.0 84.0 84.0 86.0 88.0 94.0 94.0 94.0 94.0 94.0 94.0 94.0 94.0 96.0 96.0 96.0 96.0 100.0 100.0 100.0 108.0 110.0 110.0 110.0 110.0 
24.0 40.0 42.0 48.0 52.0 52.0 56.0 50.0 56.0 62.0 62.0 66.0 66.0 72.0 72.0 74.0 74.0 74.0 76.0 78.0 88.0 88.0 88.0 88.0 88.0 88.0 88.0 88.0 94.0 94.0 94.0 94.0 98.0 98.0 98.0 106.0 108.0 108.0 108.0 108.0 
32.0 34.0 38.0 40.0 44.0 46.0 46.0 46.0 52.0 52.0 58.0 58.0 66.0 66.0 68.0 68.0 68.0 72.0 74.0 84.0 84.0 84.0 84.0 84.0 84.0 84.0 84.0 90.0 90.0 90.0 90.0 94.0 94.0 94.0 102.0 104.0 104.0 104.0 104.0 
6.0 20.0 40.0 44.0 42.0 44.0 46.0 52.0 52.0 58.0 58.0 66.0 66.0 68.0 68.0 68.0 72.0 74.0 84.0 84.0 84.0 84.0 84.0 84.0 84.0 84.0 90.0 90.0 90.0 90.0 94.0 94.0 94.0 102.0 104.0 104.0 104.0 104.0 
22.0 40.0 44.0 44.0 44.0 46.0 52.0 52.0 58.0 58.0 66.0 66.0 68.0 68.0 68.0 72.0 74.0 84.0 84.0 84.0 84.0 84.0 84.0 84.0 84.0 90.0 90.0 90.0 90.0 94.0 94.0 94.0 102.0 104.0 104.0 104.0 104.0 
36.0 36.0 38.0 42.0 46.0 52.0 52.0 58.0 58.0 66.0 66.0 68.0 68.0 68.0 72.0 74.0 84.0 84.0 84.0 84.0 84.0 84.0 84.0 84.0 88.0 88.0 88.0 88.0 92.0 92.0 92.0 100.0 102.0 102.0 102.0 102.0 
8.0 36.0 28.0 30.0 36.0 36.0 50.0 50.0 58.0 58.0 64.0 64.0 64.0 68.0 70.0 80.0 80.0 80.0 80.0 80.0 80.0 80.0 80.0 86.0 86.0 86.0 86.0 90.0 90.0 90.0 98.0 100.0 100.0 102.0 102.0 
36.0 24.0 32.0 38.0 38.0 54.0 54.0 60.0 60.0 66.0 66.0 66.0 70.0 72.0 82.0 82.0 82.0 82.0 82.0 82.0 82.0 82.0 86.0 86.0 86.0 86.0 90.0 90.0 90.0 98.0 100.0 100.0 102.0 102.0 
28.0 26.0 38.0 38.0 48.0 48.0 54.0 54.0 60.0 60.0 60.0 70.0 72.0 82.0 82.0 82.0 82.0 82.0 82.0 82.0 82.0 86.0 86.0 86.0 86.0 90.0 90.0 90.0 98.0 100.0 100.0 102.0 102.0 
14.0 28.0 26.0 44.0 44.0 50.0 50.0 56.0 56.0 56.0 66.0 68.0 80.0 80.0 80.0 80.0 80.0 80.0 80.0 80.0 86.0 86.0 86.0 86.0 90.0 90.0 90.0 98.0 100.0 100.0 102.0 102.0 
20.0 22.0 42.0 42.0 50.0 50.0 56.0 56.0 56.0 66.0 68.0 80.0 80.0 80.0 80.0 80.0 80.0 80.0 80.0 86.0 86.0 86.0 86.0 90.0 90.0 90.0 98.0 100.0 100.0 102.0 102.0 
12.0 36.0 42.0 50.0 50.0 56.0 56.0 56.0 66.0 68.0 80.0 80.0 80.0 80.0 80.0 80.0 80.0 80.0 86.0 86.0 86.0 86.0 90.0 90.0 90.0 98.0 100.0 100.0 102.0 102.0 
36.0 42.0 50.0 50.0 56.0 56.0 56.0 66.0 68.0 80.0 80.0 80.0 80.0 80.0 80.0 80.0 80.0 86.0 86.0 86.0 86.0 90.0 90.0 90.0 98.0 100.0 100.0 102.0 102.0 
8.0 30.0 30.0 34.0 42.0 40.0 56.0 58.0 70.0 70.0 72.0 72.0 72.0 72.0 72.0 72.0 78.0 78.0 78.0 78.0 82.0 82.0 82.0 90.0 92.0 92.0 94.0 94.0 
22.0 22.0 34.0 40.0 38.0 54.0 56.0 68.0 68.0 70.0 70.0 70.0 70.0 70.0 70.0 76.0 76.0 76.0 76.0 80.0 82.0 82.0 90.0 92.0 92.0 94.0 94.0 
2.0 14.0 20.0 24.0 44.0 46.0 60.0 60.0 62.0 62.0 62.0 62.0 62.0 62.0 72.0 72.0 72.0 72.0 76.0 78.0 78.0 86.0 90.0 90.0 92.0 92.0 
12.0 22.0 22.0 44.0 46.0 60.0 60.0 62.0 62.0 62.0 62.0 62.0 62.0 72.0 72.0 72.0 72.0 76.0 78.0 78.0 86.0 90.0 90.0 92.0 92.0 
12.0 12.0 36.0 38.0 56.0 56.0 58.0 58.0 58.0 62.0 62.0 62.0 72.0 72.0 72.0 72.0 76.0 78.0 78.0 86.0 90.0 90.0 90.0 90.0 
10.0 36.0 38.0 56.0 56.0 54.0 54.0 54.0 58.0 58.0 58.0 68.0 68.0 68.0 68.0 72.0 74.0 74.0 82.0 88.0 88.0 88.0 88.0 
30.0 36.0 54.0 54.0 56.0 56.0 56.0 60.0 60.0 60.0 70.0 70.0 70.0 70.0 74.0 76.0 76.0 84.0 90.0 90.0 90.0 90.0 
20.0 46.0 40.0 42.0 48.0 48.0 54.0 54.0 54.0 70.0 70.0 70.0 70.0 74.0 76.0 76.0 84.0 90.0 90.0 90.0 90.0 
38.0 40.0 42.0 44.0 44.0 50.0 50.0 50.0 68.0 68.0 68.0 68.0 72.0 74.0 74.0 82.0 88.0 88.0 90.0 90.0 
18.0 20.0 20.0 28.0 38.0 38.0 38.0 64.0 64.0 64.0 64.0 70.0 72.0 72.0 80.0 86.0 86.0 90.0 90.0 
2.0 8.0 16.0 36.0 36.0 36.0 62.0 62.0 62.0 62.0 68.0 70.0 70.0 78.0 84.0 84.0 88.0 88.0 
6.0 14.0 34.0 34.0 34.0 60.0 60.0 60.0 60.0 66.0 68.0 68.0 76.0 82.0 82.0 86.0 86.0 
8.0 32.0 30.0 30.0 60.0 60.0 60.0 60.0 66.0 68.0 68.0 76.0 82.0 82.0 86.0 86.0 
28.0 26.0 26.0 60.0 60.0 60.0 60.0 66.0 68.0 68.0 76.0 82.0 82.0 86.0 86.0 
2.0 8.0 54.0 56.0 56.0 56.0 62.0 66.0 66.0 74.0 80.0 80.0 86.0 86.0 
6.0 54.0 56.0 56.0 56.0 62.0 66.0 66.0 74.0 80.0 80.0 86.0 86.0 
54.0 56.0 56.0 56.0 62.0 66.0 66.0 74.0 80.0 80.0 86.0 86.0 
4.0 12.0 12.0 24.0 38.0 44.0 52.0 62.0 62.0 74.0 74.0 
10.0 8.0 22.0 40.0 42.0 52.0 62.0 62.0 74.0 74.0 
16.0 30.0 44.0 40.0 50.0 60.0 60.0 74.0 74.0 
16.0 40.0 42.0 52.0 62.0 62.0 74.0 74.0 
26.0 38.0 52.0 56.0 56.0 68.0 68.0 
24.0 50.0 54.0 54.0 66.0 66.0 
44.0 52.0 52.0 66.0 66.0 
40.0 40.0 58.0 58.0 
0.0 28.0 32.0 
28.0 32.0 
8.0 
