40.0 38.0 40.0 42.0 48.0 52.0 64.0 66.0 68.0 68.0 70.0 74.0 80.0 82.0 84.0 84.0 86.0 86.0 88.0 88.0 92.0 92.0 92.0 92.0 94.0 96.0 100.0 100.0 100.0 100.0 100.0 100.0 100.0 102.0 102.0 102.0 102.0 102.0 102.0 102.0 104.0 104.0 104.0 104.0 104.0 104.0 104.0 104.0 104.0 
6.0 10.0 18.0 30.0 32.0 54.0 62.0 62.0 62.0 66.0 70.0 80.0 82.0 84.0 84.0 86.0 86.0 88.0 88.0 92.0 92.0 92.0 92.0 94.0 96.0 100.0 100.0 100.0 100.0 100.0 100.0 100.0 102.0 102.0 102.0 102.0 102.0 102.0 102.0 104.0 104.0 104.0 104.0 104.0 104.0 104.0 104.0 104.0 
6.0 14.0 28.0 34.0 56.0 62.0 64.0 64.0 66.0 70.0 80.0 82.0 84.0 84.0 86.0 86.0 88.0 88.0 92.0 92.0 92.0 92.0 94.0 96.0 100.0 100.0 100.0 100.0 100.0 100.0 100.0 102.0 102.0 102.0 102.0 102.0 102.0 102.0 104.0 104.0 104.0 104.0 104.0 104.0 104.0 104.0 104.0 
12.0 26.0 32.0 54.0 60.0 64.0 64.0 66.0 70.0 80.0 82.0 84.0 84.0 86.0 86.0 88.0 88.0 92.0 92.0 92.0 92.0 94.0 96.0 100.0 100.0 100.0 100.0 100.0 100.0 100.0 102.0 102.0 102.0 102.0 102.0 102.0 102.0 104.0 104.0 104.0 104.0 104.0 104.0 104.0 104.0 104.0 
22.0 28.0 54.0 60.0 64.0 64.0 66.0 70.0 80.0 82.0 84.0 84.0 86.0 86.0 88.0 88.0 92.0 92.0 92.0 92.0 94.0 96.0 100.0 100.0 100.0 100.0 100.0 100.0 100.0 102.0 102.0 102.0 102.0 102.0 102.0 102.0 104.0 104.0 104.0 104.0 104.0 104.0 104.0 104.0 104.0 
14.0 44.0 50.0 60.0 58.0 62.0 68.0 80.0 82.0 84.0 84.0 86.0 86.0 88.0 88.0 92.0 92.0 92.0 92.0 94.0 96.0 100.0 100.0 100.0 100.0 100.0 100.0 100.0 102.0 102.0 102.0 102.0 102.0 102.0 102.0 104.0 104.0 104.0 104.0 104.0 104.0 104.0 104.0 104.0 
32.0 40.0 56.0 56.0 60.0 68.0 80.0 82.0 84.0 84.0 86.0 86.0 88.0 88.0 92.0 92.0 92.0 92.0 94.0 96.0 100.0 100.0 100.0 100.0 100.0 100.0 100.0 102.0 102.0 102.0 102.0 102.0 102.0 102.0 104.0 104.0 104.0 104.0 104.0 104.0 104.0 104.0 104.0 
14.0 38.0 38.0 48.0 50.0 68.0 74.0 76.0 78.0 78.0 78.0 78.0 78.0 84.0 84.0 84.0 86.0 88.0 92.0 96.0 96.0 96.0 96.0 96.0 96.0 96.0 98.0 98.0 98.0 98.0 98.0 98.0 98.0 100.0 100.0 100.0 100.0 100.0 100.0 100.0 100.0 100.0 
32.0 32.0 36.0 40.0 64.0 70.0 72.0 76.0 78.0 78.0 78.0 78.0 84.0 84.0 84.0 86.0 88.0 92.0 96.0 96.0 96.0 96.0 96.0 96.0 96.0 98.0 98.0 98.0 98.0 98.0 98.0 98.0 100.0 100.0 100.0 100.0 100.0 100.0 100.0 100.0 100.0 
4.0 20.0 32.0 58.0 64.0 66.0 70.0 74.0 74.0 74.0 74.0 82.0 82.0 82.0 84.0 86.0 90.0 94.0 94.0 94.0 94.0 94.0 94.0 94.0 96.0 96.0 96.0 96.0 96.0 96.0 96.0 98.0 98.0 98.0 98.0 98.0 98.0 98.0 98.0 98.0 
20.0 32.0 58.0 64.0 66.0 70.0 74.0 74.0 74.0 74.0 82.0 82.0 82.0 84.0 86.0 90.0 94.0 94.0 94.0 94.0 94.0 94.0 94.0 96.0 96.0 96.0 96.0 96.0 96.0 96.0 98.0 98.0 98.0 98.0 98.0 98.0 98.0 98.0 98.0 
38.0 58.0 64.0 66.0 70.0 74.0 72.0 74.0 74.0 82.0 82.0 82.0 84.0 86.0 90.0 94.0 94.0 94.0 94.0 94.0 94.0 94.0 96.0 96.0 96.0 96.0 96.0 96.0 96.0 98.0 98.0 98.0 98.0 98.0 98.0 98.0 98.0 98.0 
36.0 46.0 50.0 54.0 66.0 66.0 66.0 66.0 74.0 76.0 76.0 78.0 80.0 84.0 88.0 88.0 88.0 88.0 88.0 88.0 88.0 90.0 90.0 90.0 90.0 90.0 90.0 90.0 92.0 92.0 92.0 92.0 92.0 92.0 92.0 92.0 92.0 
20.0 22.0 38.0 56.0 58.0 58.0 58.0 66.0 68.0 68.0 74.0 76.0 80.0 84.0 84.0 84.0 84.0 84.0 84.0 84.0 86.0 86.0 86.0 86.0 86.0 86.0 86.0 88.0 88.0 88.0 88.0 88.0 88.0 88.0 88.0 88.0 
10.0 26.0 48.0 50.0 56.0 56.0 66.0 68.0 68.0 72.0 74.0 78.0 82.0 82.0 82.0 82.0 82.0 82.0 82.0 84.0 84.0 84.0 84.0 84.0 84.0 84.0 86.0 86.0 86.0 86.0 86.0 86.0 86.0 86.0 86.0 
24.0 50.0 52.0 56.0 56.0 66.0 68.0 68.0 72.0 74.0 78.0 82.0 82.0 82.0 82.0 82.0 82.0 82.0 84.0 84.0 84.0 84.0 84.0 84.0 84.0 86.0 86.0 86.0 86.0 86.0 86.0 86.0 86.0 86.0 
52.0 52.0 58.0 58.0 68.0 70.0 70.0 74.0 76.0 78.0 82.0 82.0 82.0 82.0 82.0 82.0 82.0 84.0 84.0 84.0 84.0 84.0 84.0 84.0 86.0 86.0 86.0 86.0 86.0 86.0 86.0 86.0 86.0 
16.0 36.0 38.0 58.0 60.0 60.0 70.0 72.0 76.0 78.0 78.0 78.0 78.0 78.0 78.0 78.0 80.0 80.0 80.0 80.0 80.0 80.0 80.0 82.0 84.0 84.0 84.0 84.0 84.0 84.0 84.0 84.0 
32.0 34.0 56.0 58.0 58.0 68.0 70.0 74.0 80.0 80.0 80.0 80.0 80.0 80.0 80.0 82.0 82.0 82.0 82.0 82.0 82.0 82.0 84.0 82.0 82.0 82.0 82.0 82.0 82.0 82.0 82.0 
12.0 48.0 50.0 50.0 64.0 66.0 70.0 76.0 76.0 78.0 78.0 78.0 78.0 78.0 80.0 80.0 80.0 80.0 80.0 80.0 80.0 82.0 80.0 80.0 80.0 80.0 80.0 80.0 80.0 80.0 
48.0 50.0 50.0 64.0 66.0 70.0 76.0 76.0 78.0 78.0 78.0 78.0 78.0 80.0 80.0 80.0 80.0 80.0 80.0 80.0 82.0 80.0 80.0 80.0 80.0 80.0 80.0 80.0 80.0 
16.0 24.0 46.0 50.0 54.0 68.0 70.0 72.0 72.0 72.0 72.0 72.0 74.0 74.0 74.0 74.0 74.0 74.0 74.0 76.0 72.0 72.0 72.0 72.0 72.0 72.0 72.0 72.0 
16.0 40.0 48.0 52.0 66.0 68.0 70.0 70.0 70.0 70.0 70.0 72.0 72.0 72.0 74.0 74.0 74.0 74.0 76.0 72.0 72.0 72.0 72.0 72.0 72.0 72.0 72.0 
44.0 48.0 54.0 66.0 68.0 70.0 70.0 70.0 70.0 70.0 72.0 72.0 72.0 74.0 74.0 74.0 74.0 76.0 72.0 72.0 72.0 72.0 72.0 72.0 72.0 72.0 
22.0 36.0 54.0 64.0 68.0 68.0 66.0 66.0 66.0 68.0 68.0 68.0 70.0 70.0 70.0 70.0 72.0 68.0 68.0 68.0 68.0 68.0 68.0 68.0 68.0 
30.0 50.0 62.0 66.0 66.0 64.0 64.0 64.0 66.0 66.0 66.0 68.0 68.0 68.0 68.0 70.0 66.0 66.0 66.0 66.0 66.0 66.0 66.0 66.0 
34.0 58.0 62.0 62.0 60.0 60.0 60.0 62.0 62.0 62.0 64.0 64.0 64.0 64.0 66.0 62.0 62.0 62.0 62.0 62.0 62.0 62.0 62.0 
40.0 48.0 48.0 46.0 46.0 50.0 52.0 50.0 50.0 54.0 54.0 54.0 54.0 56.0 60.0 60.0 60.0 60.0 60.0 60.0 60.0 60.0 
18.0 28.0 28.0 28.0 32.0 34.0 32.0 36.0 46.0 46.0 46.0 46.0 50.0 54.0 54.0 54.0 54.0 54.0 54.0 54.0 54.0 
12.0 14.0 14.0 26.0 32.0 24.0 32.0 40.0 40.0 40.0 40.0 44.0 48.0 48.0 48.0 48.0 48.0 48.0 48.0 48.0 
4.0 4.0 20.0 32.0 24.0 32.0 40.0 40.0 40.0 40.0 44.0 48.0 48.0 48.0 48.0 48.0 48.0 48.0 48.0 
0.0 16.0 30.0 22.0 30.0 38.0 38.0 38.0 38.0 42.0 46.0 46.0 46.0 46.0 46.0 46.0 46.0 46.0 
16.0 30.0 22.0 30.0 38.0 38.0 38.0 38.0 42.0 46.0 46.0 46.0 46.0 46.0 46.0 46.0 46.0 
20.0 30.0 32.0 40.0 40.0 40.0 42.0 46.0 48.0 48.0 48.0 48.0 48.0 48.0 48.0 48.0 
16.0 22.0 40.0 40.0 40.0 40.0 44.0 48.0 48.0 48.0 48.0 48.0 48.0 48.0 48.0 
20.0 34.0 34.0 34.0 34.0 38.0 42.0 42.0 42.0 42.0 42.0 42.0 42.0 42.0 
26.0 28.0 28.0 30.0 32.0 38.0 38.0 38.0 38.0 38.0 38.0 38.0 38.0 
4.0 2.0 8.0 20.0 26.0 26.0 26.0 26.0 26.0 26.0 26.0 26.0 
2.0 4.0 22.0 28.0 26.0 26.0 26.0 26.0 26.0 26.0 26.0 
6.0 22.0 28.0 26.0 26.0 26.0 26.0 26.0 26.0 26.0 
20.0 30.0 28.0 28.0 28.0 28.0 28.0 28.0 28.0 
18.0 18.0 24.0 24.0 24.0 24.0 24.0 24.0 
6.0 14.0 18.0 18.0 18.0 18.0 18.0 
10.0 14.0 14.0 14.0 14.0 14.0 
6.0 8.0 8.0 6.0 6.0 
4.0 6.0 4.0 4.0 
2.0 4.0 4.0 
2.0 2.0 
0.0 
