38.0 40.0 46.0 50.0 50.0 52.0 56.0 62.0 66.0 62.0 66.0 66.0 66.0 66.0 66.0 66.0 66.0 70.0 72.0 76.0 78.0 80.0 80.0 88.0 92.0 92.0 92.0 92.0 92.0 92.0 96.0 98.0 100.0 102.0 104.0 104.0 104.0 104.0 104.0 102.0 110.0 110.0 110.0 110.0 110.0 114.0 114.0 114.0 114.0 
2.0 16.0 22.0 22.0 24.0 32.0 54.0 58.0 46.0 58.0 58.0 58.0 58.0 58.0 58.0 60.0 64.0 66.0 70.0 72.0 74.0 74.0 84.0 88.0 88.0 92.0 92.0 92.0 92.0 96.0 98.0 100.0 102.0 104.0 104.0 104.0 104.0 104.0 102.0 110.0 110.0 110.0 110.0 110.0 114.0 114.0 114.0 114.0 
16.0 22.0 22.0 24.0 32.0 54.0 58.0 46.0 58.0 58.0 58.0 58.0 58.0 58.0 60.0 64.0 66.0 70.0 72.0 74.0 74.0 84.0 88.0 88.0 92.0 92.0 92.0 92.0 96.0 98.0 100.0 102.0 104.0 104.0 104.0 104.0 104.0 102.0 110.0 110.0 110.0 110.0 110.0 114.0 114.0 114.0 114.0 
14.0 14.0 20.0 28.0 54.0 58.0 44.0 56.0 56.0 56.0 56.0 56.0 56.0 58.0 62.0 66.0 70.0 72.0 74.0 74.0 84.0 88.0 88.0 92.0 92.0 92.0 92.0 96.0 98.0 100.0 102.0 104.0 104.0 104.0 104.0 104.0 102.0 110.0 110.0 110.0 110.0 110.0 114.0 114.0 114.0 114.0 
0.0 8.0 22.0 50.0 54.0 40.0 52.0 52.0 52.0 52.0 54.0 54.0 56.0 60.0 64.0 68.0 70.0 72.0 72.0 82.0 86.0 86.0 90.0 90.0 90.0 90.0 94.0 96.0 98.0 100.0 104.0 104.0 104.0 104.0 104.0 102.0 110.0 110.0 110.0 110.0 110.0 114.0 114.0 114.0 114.0 
8.0 22.0 50.0 54.0 40.0 52.0 52.0 52.0 52.0 54.0 54.0 56.0 60.0 64.0 68.0 70.0 72.0 72.0 82.0 86.0 86.0 90.0 90.0 90.0 90.0 94.0 96.0 98.0 100.0 104.0 104.0 104.0 104.0 104.0 102.0 110.0 110.0 110.0 110.0 110.0 114.0 114.0 114.0 114.0 
18.0 46.0 50.0 36.0 48.0 48.0 48.0 48.0 52.0 52.0 54.0 58.0 62.0 66.0 68.0 70.0 70.0 80.0 84.0 84.0 88.0 88.0 88.0 88.0 92.0 94.0 96.0 98.0 102.0 102.0 102.0 102.0 102.0 100.0 108.0 108.0 108.0 108.0 108.0 112.0 112.0 112.0 112.0 
40.0 44.0 32.0 44.0 44.0 44.0 44.0 52.0 52.0 54.0 58.0 62.0 66.0 68.0 70.0 70.0 80.0 84.0 84.0 88.0 88.0 88.0 88.0 92.0 94.0 96.0 98.0 102.0 102.0 102.0 102.0 102.0 100.0 108.0 108.0 108.0 108.0 108.0 112.0 112.0 112.0 112.0 
16.0 38.0 34.0 34.0 34.0 34.0 44.0 44.0 46.0 52.0 46.0 52.0 50.0 54.0 54.0 72.0 78.0 78.0 82.0 82.0 82.0 82.0 88.0 92.0 94.0 98.0 102.0 102.0 102.0 102.0 102.0 100.0 108.0 108.0 108.0 108.0 108.0 112.0 112.0 112.0 112.0 
36.0 26.0 26.0 26.0 26.0 38.0 40.0 42.0 48.0 42.0 48.0 48.0 52.0 52.0 70.0 76.0 76.0 80.0 80.0 80.0 80.0 86.0 92.0 92.0 96.0 100.0 102.0 102.0 102.0 102.0 100.0 108.0 108.0 108.0 108.0 108.0 112.0 112.0 112.0 112.0 
22.0 24.0 24.0 24.0 42.0 42.0 44.0 48.0 52.0 56.0 58.0 60.0 62.0 72.0 78.0 78.0 84.0 84.0 84.0 84.0 88.0 94.0 94.0 96.0 100.0 102.0 102.0 102.0 102.0 100.0 108.0 108.0 108.0 108.0 108.0 112.0 112.0 112.0 112.0 
2.0 2.0 2.0 22.0 24.0 26.0 32.0 38.0 48.0 52.0 56.0 58.0 70.0 76.0 76.0 80.0 80.0 80.0 80.0 86.0 92.0 92.0 94.0 98.0 100.0 100.0 100.0 100.0 98.0 106.0 106.0 106.0 106.0 106.0 110.0 110.0 110.0 110.0 
0.0 0.0 20.0 22.0 26.0 30.0 36.0 48.0 52.0 56.0 58.0 70.0 76.0 76.0 80.0 80.0 80.0 80.0 86.0 92.0 92.0 94.0 98.0 100.0 100.0 100.0 100.0 98.0 106.0 106.0 106.0 106.0 106.0 110.0 110.0 110.0 110.0 
0.0 20.0 22.0 26.0 30.0 36.0 48.0 52.0 56.0 58.0 70.0 76.0 76.0 80.0 80.0 80.0 80.0 86.0 92.0 92.0 94.0 98.0 100.0 100.0 100.0 100.0 98.0 106.0 106.0 106.0 106.0 106.0 110.0 110.0 110.0 110.0 
20.0 22.0 26.0 30.0 36.0 48.0 52.0 56.0 58.0 70.0 76.0 76.0 80.0 80.0 80.0 80.0 86.0 92.0 92.0 94.0 98.0 100.0 100.0 100.0 100.0 98.0 106.0 106.0 106.0 106.0 106.0 110.0 110.0 110.0 110.0 
16.0 26.0 28.0 36.0 48.0 52.0 56.0 58.0 70.0 76.0 76.0 80.0 80.0 80.0 80.0 86.0 92.0 92.0 94.0 98.0 100.0 100.0 100.0 100.0 98.0 106.0 106.0 106.0 106.0 106.0 110.0 110.0 110.0 110.0 
26.0 26.0 34.0 48.0 52.0 56.0 58.0 70.0 76.0 76.0 80.0 80.0 80.0 80.0 86.0 92.0 92.0 94.0 98.0 100.0 100.0 100.0 100.0 98.0 106.0 106.0 106.0 106.0 106.0 110.0 110.0 110.0 110.0 
30.0 36.0 46.0 50.0 54.0 58.0 70.0 76.0 76.0 80.0 80.0 80.0 80.0 86.0 92.0 92.0 94.0 98.0 100.0 100.0 100.0 100.0 98.0 106.0 106.0 106.0 106.0 106.0 110.0 110.0 110.0 110.0 
16.0 42.0 46.0 50.0 58.0 70.0 76.0 76.0 80.0 80.0 80.0 80.0 86.0 92.0 92.0 94.0 98.0 100.0 100.0 100.0 100.0 98.0 106.0 106.0 106.0 106.0 106.0 110.0 110.0 110.0 110.0 
36.0 40.0 44.0 52.0 70.0 76.0 76.0 80.0 80.0 80.0 80.0 86.0 92.0 92.0 94.0 98.0 100.0 100.0 100.0 100.0 98.0 106.0 106.0 106.0 106.0 106.0 110.0 110.0 110.0 110.0 
6.0 28.0 42.0 60.0 68.0 68.0 78.0 78.0 78.0 78.0 84.0 90.0 90.0 92.0 96.0 98.0 98.0 98.0 98.0 96.0 104.0 104.0 104.0 104.0 104.0 108.0 108.0 108.0 108.0 
26.0 40.0 58.0 66.0 66.0 76.0 76.0 76.0 76.0 82.0 88.0 88.0 92.0 96.0 98.0 98.0 98.0 98.0 96.0 104.0 104.0 104.0 104.0 104.0 108.0 108.0 108.0 108.0 
26.0 52.0 60.0 58.0 72.0 72.0 72.0 72.0 78.0 84.0 84.0 88.0 92.0 94.0 94.0 94.0 94.0 92.0 100.0 100.0 100.0 100.0 100.0 104.0 104.0 104.0 104.0 
40.0 54.0 52.0 66.0 66.0 72.0 72.0 78.0 84.0 84.0 88.0 90.0 94.0 94.0 94.0 94.0 92.0 100.0 100.0 100.0 100.0 100.0 104.0 104.0 104.0 104.0 
24.0 26.0 54.0 54.0 64.0 64.0 70.0 76.0 76.0 80.0 82.0 86.0 86.0 86.0 86.0 84.0 92.0 90.0 92.0 92.0 92.0 96.0 96.0 96.0 96.0 
2.0 46.0 48.0 58.0 60.0 64.0 72.0 70.0 74.0 76.0 82.0 82.0 82.0 82.0 80.0 88.0 86.0 88.0 88.0 88.0 92.0 92.0 92.0 92.0 
46.0 48.0 58.0 60.0 64.0 72.0 70.0 74.0 76.0 82.0 82.0 82.0 82.0 80.0 88.0 86.0 88.0 88.0 88.0 92.0 92.0 92.0 92.0 
6.0 22.0 24.0 44.0 54.0 52.0 62.0 72.0 78.0 78.0 78.0 80.0 78.0 86.0 84.0 86.0 86.0 86.0 92.0 92.0 92.0 92.0 
16.0 18.0 38.0 52.0 54.0 64.0 74.0 76.0 78.0 78.0 80.0 74.0 86.0 84.0 86.0 86.0 86.0 92.0 92.0 92.0 92.0 
6.0 28.0 46.0 46.0 56.0 74.0 74.0 76.0 74.0 78.0 72.0 84.0 80.0 86.0 86.0 86.0 92.0 92.0 92.0 92.0 
30.0 46.0 48.0 58.0 76.0 74.0 76.0 74.0 78.0 72.0 84.0 80.0 86.0 86.0 86.0 92.0 92.0 92.0 92.0 
28.0 30.0 40.0 64.0 64.0 66.0 66.0 70.0 64.0 76.0 82.0 80.0 80.0 80.0 86.0 86.0 86.0 86.0 
24.0 34.0 56.0 50.0 50.0 52.0 58.0 68.0 68.0 76.0 72.0 72.0 72.0 78.0 78.0 78.0 78.0 
24.0 50.0 54.0 54.0 54.0 60.0 70.0 72.0 78.0 74.0 74.0 74.0 80.0 80.0 80.0 80.0 
42.0 46.0 50.0 50.0 56.0 66.0 68.0 74.0 70.0 70.0 70.0 76.0 76.0 76.0 76.0 
14.0 32.0 44.0 48.0 58.0 60.0 68.0 62.0 62.0 62.0 68.0 68.0 68.0 68.0 
30.0 40.0 44.0 56.0 58.0 68.0 62.0 62.0 62.0 68.0 68.0 68.0 68.0 
30.0 36.0 48.0 50.0 60.0 54.0 54.0 54.0 60.0 60.0 60.0 60.0 
28.0 38.0 46.0 56.0 52.0 52.0 52.0 62.0 62.0 62.0 62.0 
34.0 42.0 52.0 48.0 48.0 48.0 62.0 62.0 62.0 62.0 
44.0 54.0 54.0 54.0 54.0 68.0 68.0 68.0 68.0 
32.0 34.0 34.0 34.0 58.0 58.0 58.0 58.0 
24.0 28.0 28.0 60.0 62.0 62.0 62.0 
6.0 6.0 48.0 50.0 50.0 50.0 
0.0 48.0 50.0 50.0 50.0 
48.0 50.0 50.0 50.0 
2.0 6.0 10.0 
6.0 10.0 
6.0 
