42.0 42.0 46.0 46.0 48.0 48.0 50.0 48.0 52.0 52.0 58.0 58.0 58.0 60.0 66.0 66.0 66.0 66.0 68.0 68.0 66.0 66.0 76.0 78.0 90.0 92.0 90.0 104.0 106.0 108.0 112.0 114.0 114.0 114.0 114.0 114.0 114.0 114.0 114.0 114.0 114.0 114.0 114.0 114.0 114.0 114.0 118.0 118.0 118.0 
0.0 6.0 6.0 20.0 20.0 24.0 20.0 30.0 30.0 36.0 36.0 36.0 38.0 50.0 50.0 50.0 50.0 54.0 54.0 56.0 54.0 68.0 76.0 88.0 90.0 88.0 102.0 104.0 108.0 112.0 114.0 114.0 114.0 114.0 114.0 114.0 114.0 114.0 114.0 114.0 114.0 114.0 114.0 114.0 114.0 118.0 118.0 118.0 
6.0 6.0 20.0 20.0 24.0 20.0 30.0 30.0 36.0 36.0 36.0 38.0 50.0 50.0 50.0 50.0 54.0 54.0 56.0 54.0 68.0 76.0 88.0 90.0 88.0 102.0 104.0 108.0 112.0 114.0 114.0 114.0 114.0 114.0 114.0 114.0 114.0 114.0 114.0 114.0 114.0 114.0 114.0 114.0 118.0 118.0 118.0 
0.0 14.0 14.0 22.0 14.0 24.0 24.0 34.0 32.0 32.0 34.0 46.0 46.0 46.0 44.0 48.0 48.0 50.0 48.0 62.0 70.0 82.0 88.0 84.0 102.0 104.0 108.0 112.0 114.0 114.0 114.0 114.0 114.0 114.0 114.0 114.0 114.0 114.0 114.0 114.0 114.0 114.0 114.0 118.0 118.0 118.0 
14.0 14.0 22.0 14.0 24.0 24.0 34.0 32.0 32.0 34.0 46.0 46.0 46.0 44.0 48.0 48.0 50.0 48.0 62.0 70.0 82.0 88.0 84.0 102.0 104.0 108.0 112.0 114.0 114.0 114.0 114.0 114.0 114.0 114.0 114.0 114.0 114.0 114.0 114.0 114.0 114.0 114.0 118.0 118.0 118.0 
0.0 10.0 2.0 14.0 14.0 24.0 22.0 22.0 26.0 42.0 42.0 42.0 40.0 44.0 44.0 48.0 44.0 60.0 68.0 80.0 86.0 82.0 100.0 102.0 106.0 110.0 112.0 112.0 112.0 112.0 112.0 112.0 112.0 112.0 112.0 112.0 112.0 112.0 112.0 112.0 112.0 116.0 116.0 116.0 
10.0 2.0 14.0 14.0 24.0 22.0 22.0 26.0 42.0 42.0 42.0 40.0 44.0 44.0 48.0 44.0 60.0 68.0 80.0 86.0 82.0 100.0 102.0 106.0 110.0 112.0 112.0 112.0 112.0 112.0 112.0 112.0 112.0 112.0 112.0 112.0 112.0 112.0 112.0 112.0 116.0 116.0 116.0 
8.0 18.0 18.0 20.0 24.0 24.0 28.0 44.0 44.0 44.0 44.0 48.0 48.0 52.0 48.0 64.0 72.0 84.0 86.0 84.0 100.0 102.0 106.0 110.0 112.0 112.0 112.0 112.0 112.0 112.0 112.0 112.0 112.0 112.0 112.0 112.0 112.0 112.0 112.0 116.0 116.0 116.0 
14.0 14.0 24.0 22.0 22.0 26.0 42.0 42.0 42.0 40.0 44.0 44.0 48.0 44.0 60.0 68.0 80.0 86.0 82.0 100.0 102.0 106.0 110.0 112.0 112.0 112.0 112.0 112.0 112.0 112.0 112.0 112.0 112.0 112.0 112.0 112.0 112.0 112.0 116.0 116.0 116.0 
12.0 24.0 22.0 22.0 26.0 42.0 42.0 42.0 40.0 44.0 44.0 48.0 44.0 60.0 68.0 80.0 86.0 82.0 100.0 102.0 106.0 110.0 112.0 112.0 112.0 112.0 112.0 112.0 112.0 112.0 112.0 112.0 112.0 112.0 112.0 112.0 112.0 116.0 116.0 116.0 
22.0 22.0 22.0 26.0 42.0 42.0 42.0 40.0 44.0 44.0 48.0 44.0 60.0 68.0 80.0 86.0 82.0 100.0 102.0 106.0 110.0 112.0 112.0 112.0 112.0 112.0 112.0 112.0 112.0 112.0 112.0 112.0 112.0 112.0 112.0 112.0 116.0 116.0 116.0 
12.0 16.0 18.0 40.0 40.0 40.0 40.0 44.0 44.0 48.0 44.0 64.0 72.0 84.0 86.0 84.0 100.0 102.0 106.0 110.0 112.0 112.0 112.0 112.0 112.0 112.0 112.0 112.0 112.0 112.0 112.0 112.0 112.0 112.0 112.0 116.0 116.0 116.0 
8.0 10.0 36.0 36.0 36.0 38.0 42.0 42.0 46.0 42.0 62.0 70.0 82.0 86.0 82.0 100.0 102.0 106.0 110.0 112.0 112.0 112.0 112.0 112.0 112.0 112.0 112.0 112.0 112.0 112.0 112.0 112.0 112.0 112.0 116.0 116.0 116.0 
6.0 36.0 36.0 36.0 38.0 42.0 42.0 46.0 42.0 62.0 70.0 82.0 86.0 82.0 100.0 102.0 106.0 110.0 112.0 112.0 112.0 112.0 112.0 112.0 112.0 112.0 112.0 112.0 112.0 112.0 112.0 112.0 112.0 116.0 116.0 116.0 
34.0 34.0 34.0 38.0 42.0 42.0 46.0 42.0 62.0 70.0 82.0 86.0 82.0 100.0 102.0 106.0 110.0 112.0 112.0 112.0 112.0 112.0 112.0 112.0 112.0 112.0 112.0 112.0 112.0 112.0 112.0 112.0 116.0 116.0 116.0 
0.0 4.0 12.0 16.0 20.0 24.0 18.0 48.0 56.0 72.0 76.0 74.0 90.0 92.0 98.0 104.0 106.0 106.0 106.0 106.0 106.0 106.0 106.0 106.0 106.0 106.0 106.0 106.0 106.0 106.0 106.0 110.0 110.0 110.0 
4.0 12.0 16.0 20.0 24.0 18.0 48.0 56.0 72.0 76.0 74.0 90.0 92.0 98.0 104.0 106.0 106.0 106.0 106.0 106.0 106.0 106.0 106.0 106.0 106.0 106.0 106.0 106.0 106.0 106.0 110.0 110.0 110.0 
10.0 14.0 22.0 26.0 20.0 48.0 56.0 72.0 76.0 74.0 90.0 92.0 98.0 104.0 106.0 106.0 106.0 106.0 106.0 106.0 106.0 106.0 106.0 106.0 106.0 106.0 106.0 106.0 106.0 110.0 110.0 110.0 
4.0 14.0 18.0 14.0 46.0 54.0 70.0 76.0 74.0 90.0 92.0 98.0 104.0 106.0 106.0 106.0 106.0 106.0 106.0 106.0 106.0 106.0 106.0 106.0 106.0 106.0 106.0 106.0 110.0 110.0 110.0 
18.0 22.0 18.0 50.0 58.0 74.0 80.0 78.0 94.0 96.0 98.0 104.0 106.0 106.0 106.0 106.0 106.0 106.0 106.0 106.0 106.0 106.0 106.0 106.0 106.0 106.0 106.0 110.0 110.0 110.0 
6.0 10.0 50.0 58.0 68.0 74.0 74.0 90.0 92.0 98.0 104.0 106.0 106.0 106.0 106.0 106.0 106.0 106.0 106.0 106.0 106.0 106.0 106.0 106.0 106.0 106.0 110.0 110.0 110.0 
16.0 50.0 58.0 68.0 74.0 74.0 90.0 92.0 98.0 104.0 106.0 106.0 106.0 106.0 106.0 106.0 106.0 106.0 106.0 106.0 106.0 106.0 106.0 106.0 106.0 110.0 110.0 110.0 
42.0 50.0 70.0 76.0 74.0 90.0 92.0 98.0 104.0 106.0 106.0 106.0 106.0 106.0 106.0 106.0 106.0 106.0 106.0 106.0 106.0 106.0 106.0 106.0 110.0 110.0 110.0 
10.0 56.0 68.0 72.0 84.0 86.0 90.0 100.0 102.0 102.0 102.0 102.0 104.0 104.0 104.0 104.0 104.0 104.0 104.0 104.0 104.0 104.0 104.0 108.0 108.0 108.0 
56.0 68.0 72.0 84.0 86.0 90.0 100.0 102.0 102.0 102.0 102.0 104.0 104.0 104.0 104.0 104.0 104.0 104.0 104.0 104.0 104.0 104.0 108.0 108.0 108.0 
50.0 62.0 72.0 76.0 80.0 92.0 94.0 94.0 94.0 94.0 96.0 96.0 96.0 96.0 96.0 96.0 96.0 96.0 96.0 96.0 96.0 100.0 100.0 100.0 
52.0 62.0 68.0 72.0 86.0 88.0 88.0 88.0 88.0 90.0 90.0 90.0 90.0 90.0 90.0 90.0 90.0 90.0 90.0 90.0 94.0 94.0 94.0 
50.0 52.0 66.0 86.0 88.0 90.0 90.0 90.0 90.0 90.0 90.0 90.0 90.0 90.0 88.0 88.0 88.0 88.0 88.0 94.0 94.0 94.0 
20.0 48.0 78.0 82.0 78.0 78.0 76.0 78.0 78.0 84.0 84.0 86.0 86.0 86.0 86.0 86.0 86.0 86.0 88.0 88.0 88.0 
38.0 66.0 72.0 68.0 68.0 68.0 68.0 68.0 74.0 74.0 76.0 76.0 76.0 76.0 76.0 76.0 76.0 78.0 78.0 78.0 
54.0 64.0 62.0 62.0 60.0 64.0 66.0 72.0 72.0 74.0 74.0 74.0 74.0 74.0 74.0 74.0 76.0 76.0 76.0 
34.0 40.0 42.0 46.0 54.0 58.0 58.0 58.0 64.0 66.0 66.0 66.0 66.0 66.0 66.0 70.0 70.0 72.0 
28.0 32.0 34.0 48.0 52.0 50.0 50.0 58.0 60.0 62.0 60.0 62.0 62.0 62.0 68.0 68.0 72.0 
20.0 26.0 38.0 44.0 52.0 54.0 62.0 64.0 66.0 64.0 66.0 66.0 66.0 70.0 70.0 70.0 
14.0 38.0 42.0 54.0 54.0 62.0 64.0 66.0 64.0 66.0 66.0 66.0 70.0 70.0 70.0 
40.0 42.0 56.0 56.0 62.0 60.0 64.0 62.0 64.0 64.0 64.0 68.0 68.0 68.0 
14.0 38.0 38.0 52.0 48.0 56.0 52.0 56.0 56.0 58.0 64.0 64.0 64.0 
30.0 30.0 50.0 46.0 54.0 50.0 54.0 54.0 56.0 62.0 62.0 62.0 
8.0 34.0 38.0 48.0 42.0 50.0 50.0 50.0 58.0 58.0 64.0 
30.0 34.0 48.0 44.0 50.0 50.0 50.0 58.0 58.0 62.0 
6.0 24.0 30.0 34.0 34.0 34.0 56.0 56.0 60.0 
18.0 26.0 30.0 30.0 30.0 52.0 52.0 56.0 
26.0 20.0 20.0 18.0 46.0 46.0 54.0 
22.0 22.0 22.0 48.0 48.0 58.0 
0.0 2.0 34.0 34.0 58.0 
2.0 34.0 34.0 58.0 
34.0 34.0 58.0 
2.0 44.0 
44.0 
