48.0 48.0 52.0 52.0 54.0 54.0 68.0 70.0 76.0 74.0 84.0 84.0 84.0 86.0 88.0 88.0 88.0 88.0 84.0 90.0 92.0 94.0 94.0 110.0 112.0 120.0 120.0 122.0 122.0 122.0 122.0 122.0 122.0 122.0 122.0 122.0 122.0 122.0 122.0 122.0 124.0 126.0 126.0 128.0 130.0 134.0 136.0 136.0 136.0 
0.0 14.0 18.0 34.0 34.0 50.0 54.0 62.0 60.0 72.0 74.0 74.0 76.0 84.0 82.0 84.0 86.0 82.0 84.0 90.0 92.0 92.0 108.0 110.0 118.0 118.0 120.0 120.0 120.0 120.0 120.0 120.0 120.0 120.0 120.0 120.0 120.0 120.0 120.0 122.0 124.0 124.0 126.0 128.0 132.0 134.0 134.0 134.0 
14.0 18.0 34.0 34.0 50.0 54.0 62.0 60.0 72.0 74.0 74.0 76.0 84.0 82.0 84.0 86.0 82.0 84.0 90.0 92.0 92.0 108.0 110.0 118.0 118.0 120.0 120.0 120.0 120.0 120.0 120.0 120.0 120.0 120.0 120.0 120.0 120.0 120.0 122.0 124.0 124.0 126.0 128.0 132.0 134.0 134.0 134.0 
18.0 34.0 34.0 50.0 52.0 62.0 60.0 72.0 74.0 74.0 76.0 84.0 82.0 84.0 86.0 82.0 84.0 90.0 92.0 92.0 108.0 110.0 118.0 118.0 120.0 120.0 120.0 120.0 120.0 120.0 120.0 120.0 120.0 120.0 120.0 120.0 120.0 122.0 124.0 124.0 126.0 128.0 132.0 134.0 134.0 134.0 
22.0 26.0 46.0 52.0 62.0 60.0 72.0 74.0 74.0 76.0 84.0 82.0 84.0 86.0 82.0 84.0 90.0 92.0 92.0 108.0 110.0 118.0 118.0 120.0 120.0 120.0 120.0 120.0 120.0 120.0 120.0 120.0 120.0 120.0 120.0 120.0 122.0 124.0 124.0 126.0 128.0 132.0 134.0 134.0 134.0 
18.0 36.0 46.0 58.0 56.0 70.0 72.0 72.0 74.0 82.0 80.0 82.0 84.0 80.0 82.0 88.0 90.0 90.0 106.0 108.0 116.0 116.0 118.0 118.0 118.0 118.0 118.0 118.0 118.0 118.0 118.0 118.0 118.0 118.0 118.0 120.0 122.0 122.0 124.0 126.0 130.0 132.0 132.0 132.0 
26.0 36.0 54.0 54.0 68.0 70.0 70.0 72.0 80.0 78.0 80.0 82.0 78.0 80.0 86.0 88.0 88.0 106.0 108.0 116.0 116.0 118.0 118.0 118.0 118.0 118.0 118.0 118.0 118.0 118.0 118.0 118.0 118.0 118.0 120.0 122.0 122.0 124.0 126.0 130.0 132.0 132.0 132.0 
24.0 46.0 52.0 68.0 70.0 70.0 72.0 80.0 78.0 80.0 82.0 78.0 76.0 82.0 84.0 84.0 104.0 106.0 114.0 114.0 116.0 116.0 116.0 116.0 116.0 116.0 116.0 116.0 116.0 116.0 116.0 116.0 116.0 118.0 120.0 120.0 122.0 124.0 128.0 130.0 130.0 130.0 
36.0 48.0 66.0 70.0 70.0 72.0 80.0 78.0 80.0 82.0 78.0 76.0 82.0 84.0 84.0 104.0 106.0 114.0 114.0 116.0 116.0 116.0 116.0 116.0 116.0 116.0 116.0 116.0 116.0 116.0 116.0 116.0 118.0 120.0 120.0 122.0 124.0 128.0 130.0 130.0 130.0 
22.0 54.0 58.0 62.0 68.0 72.0 72.0 72.0 76.0 72.0 68.0 78.0 80.0 80.0 100.0 102.0 110.0 110.0 112.0 112.0 112.0 112.0 112.0 112.0 112.0 114.0 114.0 114.0 114.0 114.0 114.0 116.0 118.0 118.0 120.0 122.0 126.0 128.0 128.0 128.0 
48.0 54.0 58.0 64.0 68.0 68.0 68.0 72.0 68.0 64.0 76.0 78.0 78.0 98.0 100.0 108.0 108.0 110.0 110.0 110.0 110.0 110.0 110.0 110.0 112.0 112.0 112.0 112.0 112.0 112.0 114.0 116.0 116.0 118.0 120.0 124.0 126.0 126.0 126.0 
24.0 34.0 42.0 58.0 56.0 58.0 60.0 56.0 60.0 70.0 72.0 72.0 96.0 98.0 106.0 106.0 110.0 110.0 110.0 110.0 110.0 110.0 110.0 112.0 112.0 112.0 112.0 112.0 112.0 114.0 116.0 116.0 118.0 120.0 124.0 126.0 126.0 126.0 
20.0 26.0 48.0 48.0 48.0 52.0 48.0 52.0 68.0 70.0 68.0 96.0 98.0 106.0 106.0 110.0 110.0 110.0 110.0 110.0 110.0 110.0 112.0 112.0 112.0 112.0 112.0 112.0 114.0 116.0 116.0 118.0 120.0 124.0 126.0 126.0 126.0 
14.0 42.0 42.0 44.0 46.0 44.0 48.0 66.0 70.0 70.0 96.0 98.0 106.0 106.0 110.0 110.0 110.0 110.0 110.0 110.0 110.0 112.0 112.0 112.0 112.0 112.0 112.0 114.0 116.0 116.0 118.0 120.0 124.0 126.0 126.0 126.0 
42.0 40.0 44.0 46.0 44.0 48.0 66.0 70.0 70.0 96.0 98.0 106.0 106.0 110.0 110.0 110.0 110.0 110.0 110.0 110.0 112.0 112.0 112.0 112.0 112.0 112.0 114.0 116.0 116.0 118.0 120.0 124.0 126.0 126.0 126.0 
24.0 18.0 28.0 38.0 40.0 60.0 66.0 66.0 94.0 96.0 104.0 104.0 108.0 108.0 108.0 108.0 108.0 108.0 108.0 110.0 110.0 110.0 110.0 110.0 110.0 112.0 114.0 114.0 116.0 118.0 122.0 124.0 124.0 124.0 
20.0 26.0 36.0 44.0 60.0 66.0 66.0 94.0 96.0 104.0 104.0 108.0 108.0 108.0 108.0 108.0 108.0 108.0 110.0 110.0 110.0 110.0 110.0 110.0 112.0 114.0 114.0 116.0 118.0 122.0 124.0 124.0 124.0 
26.0 36.0 38.0 60.0 66.0 66.0 94.0 96.0 104.0 104.0 108.0 108.0 108.0 108.0 108.0 108.0 108.0 110.0 110.0 110.0 110.0 110.0 110.0 112.0 114.0 114.0 116.0 118.0 122.0 124.0 124.0 124.0 
20.0 40.0 58.0 64.0 64.0 92.0 94.0 102.0 102.0 106.0 106.0 106.0 106.0 106.0 106.0 106.0 108.0 108.0 108.0 108.0 108.0 108.0 110.0 112.0 112.0 114.0 116.0 120.0 122.0 122.0 122.0 
32.0 56.0 62.0 62.0 90.0 92.0 102.0 102.0 106.0 106.0 106.0 106.0 106.0 106.0 106.0 108.0 108.0 108.0 108.0 108.0 108.0 110.0 112.0 112.0 114.0 116.0 120.0 122.0 122.0 122.0 
46.0 52.0 56.0 88.0 90.0 100.0 100.0 104.0 104.0 104.0 104.0 104.0 104.0 104.0 106.0 106.0 106.0 106.0 106.0 106.0 108.0 110.0 110.0 112.0 114.0 118.0 120.0 120.0 120.0 
6.0 40.0 82.0 82.0 96.0 96.0 100.0 100.0 100.0 100.0 100.0 100.0 102.0 104.0 104.0 104.0 104.0 106.0 106.0 108.0 110.0 110.0 112.0 114.0 118.0 120.0 120.0 120.0 
36.0 80.0 80.0 94.0 94.0 98.0 98.0 98.0 98.0 98.0 98.0 100.0 102.0 102.0 102.0 102.0 104.0 104.0 106.0 108.0 108.0 110.0 112.0 116.0 118.0 118.0 118.0 
78.0 78.0 94.0 96.0 100.0 100.0 100.0 100.0 100.0 100.0 102.0 104.0 104.0 104.0 104.0 104.0 104.0 106.0 108.0 108.0 110.0 112.0 116.0 118.0 118.0 118.0 
28.0 60.0 66.0 72.0 72.0 70.0 74.0 84.0 86.0 86.0 88.0 88.0 88.0 88.0 94.0 94.0 96.0 100.0 100.0 102.0 104.0 108.0 110.0 110.0 110.0 
54.0 56.0 62.0 62.0 58.0 62.0 74.0 76.0 78.0 80.0 80.0 82.0 82.0 90.0 90.0 92.0 98.0 98.0 100.0 102.0 106.0 108.0 108.0 108.0 
30.0 46.0 44.0 48.0 50.0 62.0 66.0 68.0 70.0 70.0 70.0 70.0 78.0 78.0 80.0 86.0 86.0 88.0 90.0 94.0 98.0 98.0 98.0 
44.0 44.0 46.0 48.0 60.0 60.0 62.0 64.0 66.0 66.0 66.0 76.0 76.0 78.0 86.0 86.0 88.0 90.0 94.0 98.0 98.0 98.0 
16.0 32.0 34.0 42.0 44.0 46.0 48.0 48.0 50.0 50.0 66.0 66.0 66.0 80.0 80.0 82.0 84.0 88.0 92.0 92.0 92.0 
32.0 34.0 42.0 44.0 46.0 48.0 48.0 50.0 50.0 66.0 66.0 66.0 80.0 80.0 82.0 84.0 88.0 92.0 92.0 92.0 
20.0 42.0 50.0 52.0 54.0 54.0 54.0 56.0 72.0 72.0 70.0 80.0 80.0 82.0 86.0 90.0 94.0 94.0 94.0 
40.0 50.0 52.0 54.0 54.0 54.0 56.0 72.0 72.0 70.0 80.0 80.0 82.0 86.0 90.0 94.0 94.0 94.0 
24.0 26.0 34.0 34.0 36.0 38.0 58.0 58.0 56.0 68.0 72.0 76.0 82.0 86.0 90.0 92.0 92.0 
12.0 20.0 22.0 34.0 34.0 56.0 56.0 56.0 70.0 74.0 78.0 82.0 86.0 90.0 92.0 92.0 
10.0 16.0 32.0 32.0 54.0 54.0 54.0 70.0 74.0 78.0 82.0 86.0 90.0 92.0 92.0 
6.0 28.0 28.0 50.0 50.0 50.0 66.0 70.0 74.0 78.0 82.0 86.0 88.0 88.0 
28.0 28.0 50.0 50.0 50.0 66.0 70.0 74.0 78.0 82.0 86.0 88.0 88.0 
4.0 48.0 48.0 48.0 64.0 68.0 72.0 78.0 82.0 86.0 88.0 88.0 
48.0 48.0 50.0 66.0 70.0 74.0 78.0 82.0 86.0 88.0 88.0 
0.0 30.0 54.0 60.0 64.0 68.0 74.0 84.0 88.0 88.0 
30.0 54.0 60.0 64.0 68.0 74.0 84.0 88.0 88.0 
38.0 44.0 48.0 56.0 64.0 78.0 82.0 82.0 
16.0 18.0 40.0 50.0 62.0 66.0 66.0 
12.0 38.0 48.0 62.0 66.0 66.0 
34.0 44.0 58.0 62.0 62.0 
20.0 50.0 54.0 54.0 
40.0 42.0 42.0 
6.0 10.0 
4.0 
