26.0 32.0 36.0 38.0 38.0 56.0 56.0 60.0 64.0 64.0 68.0 68.0 70.0 74.0 74.0 80.0 82.0 86.0 88.0 94.0 94.0 98.0 110.0 110.0 112.0 112.0 112.0 112.0 112.0 114.0 116.0 116.0 116.0 116.0 116.0 116.0 116.0 116.0 118.0 118.0 118.0 118.0 120.0 120.0 120.0 120.0 120.0 120.0 120.0 
16.0 30.0 32.0 32.0 50.0 50.0 56.0 60.0 60.0 64.0 64.0 66.0 70.0 70.0 76.0 78.0 84.0 86.0 92.0 92.0 96.0 108.0 108.0 112.0 112.0 112.0 112.0 112.0 114.0 116.0 116.0 116.0 116.0 116.0 116.0 116.0 116.0 118.0 118.0 118.0 118.0 120.0 120.0 120.0 120.0 120.0 120.0 120.0 
24.0 26.0 26.0 46.0 46.0 52.0 56.0 56.0 60.0 60.0 62.0 66.0 66.0 72.0 74.0 80.0 82.0 88.0 88.0 92.0 104.0 104.0 108.0 108.0 108.0 108.0 108.0 110.0 112.0 112.0 112.0 112.0 112.0 112.0 112.0 112.0 116.0 116.0 116.0 116.0 118.0 118.0 118.0 118.0 118.0 118.0 118.0 
4.0 6.0 32.0 32.0 42.0 48.0 48.0 52.0 52.0 56.0 62.0 62.0 72.0 74.0 78.0 80.0 86.0 86.0 90.0 102.0 102.0 106.0 106.0 108.0 108.0 108.0 110.0 112.0 112.0 112.0 112.0 112.0 112.0 112.0 112.0 116.0 116.0 116.0 116.0 118.0 118.0 118.0 118.0 118.0 118.0 118.0 
4.0 30.0 30.0 40.0 48.0 48.0 52.0 52.0 56.0 62.0 62.0 72.0 74.0 78.0 80.0 86.0 86.0 90.0 102.0 102.0 106.0 106.0 108.0 108.0 108.0 110.0 112.0 112.0 112.0 112.0 112.0 112.0 112.0 112.0 116.0 116.0 116.0 116.0 118.0 118.0 118.0 118.0 118.0 118.0 118.0 
30.0 30.0 40.0 48.0 48.0 52.0 52.0 56.0 62.0 62.0 72.0 74.0 78.0 80.0 86.0 86.0 90.0 102.0 102.0 106.0 106.0 108.0 108.0 108.0 110.0 112.0 112.0 112.0 112.0 112.0 112.0 112.0 112.0 116.0 116.0 116.0 116.0 118.0 118.0 118.0 118.0 118.0 118.0 118.0 
2.0 18.0 30.0 32.0 38.0 38.0 46.0 56.0 58.0 70.0 72.0 76.0 78.0 82.0 82.0 86.0 98.0 98.0 102.0 102.0 104.0 104.0 106.0 108.0 110.0 110.0 110.0 110.0 110.0 110.0 110.0 110.0 114.0 114.0 114.0 114.0 116.0 116.0 116.0 116.0 116.0 116.0 116.0 
18.0 30.0 32.0 38.0 38.0 46.0 56.0 58.0 70.0 72.0 76.0 78.0 82.0 82.0 86.0 98.0 98.0 102.0 102.0 104.0 104.0 106.0 108.0 110.0 110.0 110.0 110.0 110.0 110.0 110.0 110.0 114.0 114.0 114.0 114.0 116.0 116.0 116.0 116.0 116.0 116.0 116.0 
22.0 24.0 32.0 32.0 42.0 52.0 54.0 66.0 68.0 72.0 74.0 80.0 80.0 84.0 96.0 96.0 100.0 100.0 102.0 102.0 104.0 106.0 108.0 108.0 110.0 110.0 110.0 110.0 110.0 110.0 114.0 114.0 114.0 114.0 116.0 116.0 116.0 116.0 116.0 116.0 116.0 
2.0 14.0 14.0 38.0 52.0 54.0 66.0 64.0 70.0 72.0 78.0 78.0 82.0 94.0 94.0 98.0 98.0 100.0 100.0 102.0 104.0 106.0 106.0 108.0 108.0 108.0 108.0 108.0 108.0 112.0 112.0 112.0 112.0 114.0 114.0 114.0 114.0 114.0 114.0 114.0 
12.0 14.0 38.0 52.0 54.0 66.0 64.0 70.0 72.0 78.0 78.0 82.0 94.0 94.0 98.0 98.0 100.0 100.0 102.0 104.0 106.0 106.0 108.0 108.0 108.0 108.0 108.0 108.0 112.0 112.0 112.0 112.0 114.0 114.0 114.0 114.0 114.0 114.0 114.0 
16.0 38.0 50.0 52.0 64.0 62.0 68.0 70.0 76.0 76.0 80.0 96.0 96.0 100.0 100.0 102.0 102.0 104.0 106.0 108.0 108.0 108.0 108.0 108.0 108.0 108.0 108.0 112.0 112.0 112.0 112.0 114.0 114.0 114.0 114.0 114.0 114.0 114.0 
32.0 48.0 50.0 62.0 60.0 66.0 68.0 74.0 74.0 78.0 94.0 94.0 98.0 98.0 100.0 100.0 102.0 104.0 106.0 106.0 108.0 108.0 108.0 108.0 108.0 108.0 112.0 112.0 112.0 112.0 114.0 114.0 114.0 114.0 114.0 114.0 114.0 
38.0 38.0 58.0 60.0 64.0 66.0 72.0 72.0 76.0 92.0 92.0 96.0 96.0 98.0 98.0 100.0 102.0 104.0 104.0 106.0 106.0 106.0 106.0 106.0 106.0 110.0 110.0 110.0 110.0 112.0 112.0 112.0 112.0 112.0 112.0 112.0 
8.0 38.0 44.0 54.0 56.0 62.0 62.0 66.0 82.0 82.0 86.0 88.0 90.0 90.0 90.0 96.0 100.0 100.0 102.0 102.0 102.0 102.0 102.0 102.0 106.0 106.0 106.0 106.0 108.0 108.0 108.0 108.0 108.0 108.0 108.0 
36.0 42.0 52.0 54.0 60.0 60.0 64.0 80.0 80.0 84.0 86.0 88.0 88.0 88.0 94.0 98.0 98.0 100.0 100.0 100.0 100.0 100.0 100.0 104.0 104.0 104.0 104.0 106.0 106.0 106.0 106.0 106.0 106.0 106.0 
24.0 40.0 44.0 50.0 50.0 54.0 70.0 70.0 74.0 78.0 82.0 82.0 82.0 90.0 94.0 94.0 96.0 96.0 98.0 98.0 98.0 98.0 102.0 102.0 102.0 102.0 104.0 104.0 104.0 104.0 106.0 106.0 106.0 
30.0 42.0 48.0 48.0 52.0 70.0 70.0 74.0 78.0 82.0 82.0 84.0 90.0 94.0 94.0 96.0 96.0 98.0 98.0 98.0 98.0 102.0 102.0 102.0 102.0 104.0 104.0 104.0 104.0 106.0 106.0 106.0 
34.0 42.0 42.0 50.0 68.0 70.0 76.0 80.0 84.0 84.0 86.0 92.0 94.0 94.0 96.0 96.0 98.0 98.0 98.0 98.0 102.0 102.0 102.0 102.0 104.0 104.0 104.0 104.0 106.0 106.0 106.0 
14.0 22.0 36.0 60.0 60.0 66.0 70.0 74.0 74.0 78.0 86.0 90.0 90.0 92.0 92.0 94.0 94.0 94.0 94.0 98.0 98.0 98.0 98.0 100.0 100.0 100.0 100.0 102.0 102.0 102.0 
14.0 32.0 58.0 60.0 66.0 70.0 74.0 74.0 78.0 86.0 90.0 90.0 92.0 92.0 94.0 94.0 94.0 94.0 98.0 98.0 98.0 98.0 100.0 100.0 100.0 100.0 102.0 102.0 102.0 
30.0 56.0 60.0 66.0 70.0 74.0 74.0 78.0 86.0 90.0 90.0 92.0 92.0 94.0 94.0 94.0 94.0 98.0 98.0 98.0 98.0 100.0 100.0 100.0 100.0 102.0 102.0 102.0 
40.0 44.0 52.0 56.0 64.0 64.0 72.0 82.0 86.0 86.0 88.0 88.0 90.0 90.0 90.0 90.0 94.0 94.0 94.0 94.0 96.0 96.0 96.0 96.0 98.0 98.0 98.0 
18.0 34.0 38.0 48.0 48.0 60.0 70.0 74.0 78.0 82.0 82.0 84.0 84.0 84.0 84.0 88.0 88.0 88.0 88.0 90.0 90.0 90.0 90.0 92.0 92.0 92.0 
30.0 34.0 46.0 48.0 60.0 70.0 74.0 78.0 80.0 80.0 82.0 82.0 82.0 82.0 86.0 86.0 86.0 86.0 88.0 88.0 88.0 88.0 90.0 90.0 90.0 
6.0 38.0 40.0 52.0 64.0 68.0 74.0 76.0 76.0 80.0 80.0 78.0 78.0 82.0 82.0 82.0 82.0 84.0 84.0 84.0 84.0 86.0 86.0 86.0 
34.0 38.0 50.0 62.0 68.0 74.0 76.0 76.0 80.0 80.0 78.0 78.0 82.0 82.0 82.0 82.0 84.0 84.0 84.0 84.0 86.0 86.0 86.0 
14.0 36.0 58.0 66.0 72.0 74.0 74.0 78.0 78.0 76.0 76.0 80.0 80.0 80.0 80.0 82.0 82.0 82.0 82.0 84.0 84.0 84.0 
34.0 58.0 66.0 72.0 74.0 74.0 78.0 78.0 76.0 76.0 80.0 80.0 80.0 80.0 82.0 82.0 82.0 82.0 84.0 84.0 84.0 
46.0 54.0 64.0 72.0 72.0 74.0 74.0 76.0 76.0 82.0 82.0 82.0 82.0 84.0 84.0 84.0 84.0 86.0 86.0 86.0 
30.0 50.0 62.0 62.0 64.0 64.0 66.0 66.0 72.0 72.0 72.0 72.0 76.0 76.0 76.0 76.0 78.0 78.0 78.0 
40.0 54.0 56.0 58.0 58.0 60.0 60.0 66.0 66.0 66.0 66.0 70.0 70.0 70.0 70.0 72.0 72.0 72.0 
26.0 40.0 42.0 46.0 52.0 52.0 58.0 58.0 58.0 58.0 62.0 62.0 62.0 62.0 64.0 64.0 64.0 
24.0 34.0 38.0 38.0 40.0 46.0 46.0 46.0 46.0 50.0 50.0 50.0 50.0 52.0 52.0 52.0 
14.0 30.0 36.0 38.0 46.0 46.0 46.0 46.0 50.0 50.0 50.0 50.0 52.0 52.0 52.0 
20.0 34.0 34.0 44.0 44.0 48.0 48.0 52.0 52.0 52.0 52.0 54.0 54.0 54.0 
24.0 28.0 36.0 38.0 44.0 44.0 50.0 50.0 50.0 50.0 52.0 52.0 52.0 
10.0 30.0 28.0 36.0 36.0 42.0 42.0 44.0 44.0 44.0 44.0 44.0 
28.0 26.0 34.0 34.0 42.0 42.0 44.0 44.0 44.0 44.0 44.0 
2.0 14.0 16.0 36.0 36.0 38.0 40.0 44.0 44.0 44.0 
12.0 14.0 34.0 34.0 36.0 38.0 42.0 42.0 42.0 
4.0 24.0 24.0 26.0 28.0 34.0 34.0 34.0 
20.0 20.0 22.0 24.0 34.0 34.0 34.0 
4.0 6.0 8.0 24.0 24.0 24.0 
2.0 6.0 22.0 22.0 22.0 
4.0 24.0 24.0 24.0 
22.0 22.0 22.0 
2.0 2.0 
2.0 
