32.0 32.0 32.0 56.0 66.0 80.0 80.0 80.0 82.0 86.0 84.0 84.0 88.0 88.0 84.0 86.0 90.0 90.0 90.0 92.0 92.0 96.0 98.0 98.0 98.0 102.0 106.0 112.0 114.0 114.0 114.0 114.0 114.0 114.0 118.0 118.0 118.0 118.0 118.0 120.0 120.0 120.0 122.0 122.0 122.0 122.0 122.0 122.0 122.0 
2.0 2.0 48.0 58.0 80.0 82.0 82.0 80.0 86.0 82.0 82.0 86.0 86.0 82.0 84.0 88.0 88.0 88.0 92.0 90.0 94.0 98.0 98.0 98.0 102.0 106.0 112.0 114.0 114.0 114.0 116.0 116.0 116.0 120.0 120.0 120.0 120.0 120.0 122.0 122.0 122.0 124.0 124.0 124.0 124.0 124.0 124.0 124.0 
0.0 48.0 58.0 80.0 82.0 82.0 80.0 86.0 82.0 82.0 86.0 86.0 82.0 84.0 88.0 88.0 88.0 92.0 90.0 94.0 98.0 98.0 98.0 102.0 106.0 112.0 114.0 114.0 114.0 116.0 116.0 116.0 120.0 120.0 120.0 120.0 120.0 122.0 122.0 122.0 124.0 124.0 124.0 124.0 124.0 124.0 124.0 
48.0 58.0 80.0 82.0 82.0 80.0 86.0 82.0 82.0 86.0 86.0 82.0 84.0 88.0 88.0 88.0 92.0 90.0 94.0 98.0 98.0 98.0 102.0 106.0 112.0 114.0 114.0 114.0 116.0 116.0 116.0 120.0 120.0 120.0 120.0 120.0 122.0 122.0 122.0 124.0 124.0 124.0 124.0 124.0 124.0 124.0 
18.0 56.0 62.0 66.0 70.0 74.0 70.0 70.0 80.0 82.0 78.0 80.0 84.0 84.0 84.0 90.0 88.0 92.0 96.0 96.0 96.0 100.0 104.0 110.0 112.0 112.0 112.0 114.0 114.0 114.0 118.0 118.0 118.0 118.0 118.0 120.0 120.0 120.0 122.0 122.0 122.0 122.0 122.0 122.0 122.0 
40.0 50.0 54.0 58.0 62.0 56.0 56.0 68.0 70.0 66.0 68.0 80.0 80.0 80.0 86.0 84.0 88.0 92.0 92.0 92.0 96.0 100.0 106.0 108.0 108.0 108.0 112.0 112.0 112.0 116.0 116.0 116.0 116.0 116.0 118.0 118.0 118.0 122.0 122.0 122.0 122.0 122.0 122.0 122.0 
26.0 32.0 42.0 50.0 44.0 44.0 58.0 62.0 58.0 60.0 74.0 74.0 74.0 80.0 78.0 82.0 86.0 86.0 86.0 90.0 94.0 100.0 102.0 102.0 102.0 108.0 108.0 108.0 112.0 112.0 112.0 112.0 112.0 114.0 114.0 114.0 118.0 118.0 118.0 118.0 118.0 118.0 118.0 
12.0 38.0 46.0 48.0 48.0 62.0 66.0 62.0 64.0 76.0 76.0 76.0 80.0 80.0 84.0 86.0 86.0 86.0 90.0 94.0 100.0 102.0 102.0 102.0 108.0 108.0 108.0 112.0 112.0 112.0 112.0 112.0 114.0 114.0 114.0 118.0 118.0 118.0 118.0 118.0 118.0 118.0 
36.0 48.0 50.0 50.0 62.0 66.0 62.0 64.0 76.0 76.0 76.0 80.0 80.0 84.0 86.0 86.0 86.0 90.0 94.0 100.0 102.0 102.0 102.0 108.0 108.0 108.0 112.0 112.0 112.0 112.0 112.0 114.0 114.0 114.0 118.0 118.0 118.0 118.0 118.0 118.0 118.0 
30.0 30.0 30.0 48.0 56.0 52.0 54.0 68.0 68.0 68.0 74.0 72.0 76.0 80.0 80.0 80.0 84.0 88.0 94.0 96.0 96.0 96.0 106.0 108.0 108.0 112.0 112.0 112.0 112.0 112.0 114.0 114.0 114.0 118.0 118.0 118.0 118.0 118.0 118.0 118.0 
16.0 14.0 46.0 56.0 52.0 54.0 68.0 68.0 68.0 66.0 74.0 78.0 74.0 74.0 76.0 82.0 86.0 92.0 94.0 94.0 94.0 104.0 106.0 106.0 110.0 110.0 110.0 110.0 110.0 112.0 112.0 112.0 116.0 118.0 118.0 116.0 116.0 116.0 116.0 
2.0 32.0 46.0 42.0 44.0 62.0 62.0 62.0 68.0 68.0 72.0 76.0 76.0 76.0 82.0 86.0 92.0 94.0 94.0 94.0 104.0 106.0 106.0 110.0 110.0 110.0 110.0 110.0 112.0 112.0 112.0 116.0 118.0 118.0 116.0 116.0 116.0 116.0 
32.0 46.0 42.0 44.0 62.0 62.0 62.0 68.0 68.0 72.0 76.0 76.0 76.0 82.0 86.0 92.0 94.0 94.0 94.0 104.0 106.0 106.0 110.0 110.0 110.0 110.0 110.0 112.0 112.0 112.0 116.0 118.0 118.0 116.0 116.0 116.0 116.0 
42.0 46.0 46.0 62.0 62.0 62.0 64.0 64.0 70.0 74.0 74.0 74.0 80.0 84.0 90.0 92.0 92.0 94.0 104.0 106.0 106.0 110.0 110.0 110.0 110.0 110.0 112.0 112.0 112.0 116.0 118.0 118.0 116.0 116.0 116.0 116.0 
18.0 14.0 40.0 44.0 42.0 52.0 54.0 58.0 64.0 64.0 64.0 70.0 74.0 80.0 82.0 82.0 84.0 98.0 102.0 102.0 106.0 106.0 106.0 106.0 106.0 108.0 108.0 108.0 112.0 114.0 114.0 112.0 112.0 112.0 112.0 
4.0 48.0 50.0 48.0 56.0 56.0 60.0 66.0 66.0 66.0 72.0 76.0 82.0 84.0 84.0 84.0 98.0 102.0 102.0 106.0 106.0 106.0 106.0 106.0 108.0 108.0 108.0 112.0 114.0 114.0 112.0 112.0 112.0 112.0 
46.0 48.0 46.0 54.0 56.0 60.0 66.0 66.0 66.0 72.0 76.0 82.0 84.0 84.0 84.0 98.0 102.0 102.0 106.0 106.0 106.0 106.0 106.0 108.0 108.0 108.0 112.0 114.0 114.0 112.0 112.0 112.0 112.0 
12.0 12.0 32.0 36.0 42.0 52.0 54.0 54.0 60.0 64.0 70.0 72.0 72.0 76.0 92.0 96.0 96.0 100.0 100.0 100.0 100.0 100.0 106.0 106.0 106.0 110.0 112.0 112.0 110.0 110.0 110.0 110.0 
4.0 28.0 34.0 42.0 52.0 54.0 54.0 60.0 64.0 70.0 72.0 72.0 76.0 92.0 96.0 96.0 100.0 100.0 100.0 100.0 100.0 106.0 106.0 106.0 110.0 112.0 112.0 110.0 110.0 110.0 110.0 
26.0 34.0 42.0 52.0 54.0 54.0 60.0 64.0 70.0 72.0 72.0 76.0 92.0 96.0 96.0 100.0 100.0 100.0 100.0 100.0 106.0 106.0 106.0 110.0 112.0 112.0 110.0 110.0 110.0 110.0 
28.0 46.0 48.0 50.0 52.0 60.0 64.0 70.0 72.0 72.0 76.0 92.0 96.0 96.0 100.0 100.0 100.0 100.0 100.0 106.0 106.0 106.0 110.0 112.0 112.0 110.0 110.0 110.0 110.0 
34.0 46.0 48.0 48.0 54.0 58.0 66.0 68.0 68.0 74.0 90.0 96.0 96.0 100.0 100.0 100.0 100.0 100.0 106.0 106.0 106.0 110.0 112.0 112.0 110.0 110.0 110.0 110.0 
16.0 30.0 30.0 36.0 40.0 56.0 58.0 58.0 68.0 88.0 94.0 94.0 98.0 98.0 98.0 98.0 98.0 104.0 104.0 104.0 108.0 110.0 110.0 108.0 108.0 108.0 108.0 
16.0 22.0 32.0 36.0 54.0 56.0 58.0 68.0 88.0 94.0 94.0 98.0 98.0 98.0 98.0 98.0 104.0 104.0 104.0 108.0 110.0 110.0 108.0 108.0 108.0 108.0 
12.0 22.0 32.0 48.0 50.0 52.0 64.0 88.0 94.0 94.0 98.0 98.0 98.0 98.0 98.0 104.0 104.0 104.0 108.0 110.0 110.0 108.0 108.0 108.0 108.0 
18.0 28.0 44.0 46.0 48.0 60.0 88.0 94.0 94.0 98.0 98.0 98.0 98.0 98.0 104.0 104.0 104.0 108.0 110.0 110.0 108.0 108.0 108.0 108.0 
10.0 32.0 34.0 36.0 50.0 82.0 88.0 88.0 92.0 92.0 92.0 92.0 92.0 98.0 98.0 98.0 102.0 104.0 104.0 102.0 102.0 102.0 102.0 
26.0 28.0 30.0 46.0 80.0 88.0 88.0 92.0 92.0 92.0 92.0 92.0 98.0 98.0 98.0 102.0 104.0 104.0 102.0 102.0 102.0 102.0 
2.0 8.0 28.0 74.0 84.0 84.0 88.0 88.0 88.0 88.0 88.0 94.0 94.0 94.0 98.0 100.0 100.0 98.0 98.0 98.0 98.0 
8.0 28.0 74.0 84.0 84.0 88.0 88.0 88.0 88.0 88.0 94.0 94.0 94.0 98.0 100.0 100.0 98.0 98.0 98.0 98.0 
28.0 74.0 84.0 84.0 88.0 88.0 88.0 88.0 88.0 94.0 94.0 94.0 98.0 100.0 100.0 98.0 98.0 98.0 98.0 
66.0 78.0 78.0 82.0 82.0 84.0 84.0 84.0 90.0 90.0 90.0 94.0 96.0 96.0 94.0 94.0 94.0 94.0 
52.0 52.0 68.0 68.0 74.0 74.0 74.0 80.0 80.0 80.0 84.0 86.0 86.0 84.0 84.0 84.0 84.0 
18.0 44.0 44.0 50.0 50.0 52.0 62.0 62.0 60.0 64.0 68.0 68.0 68.0 68.0 68.0 68.0 
40.0 42.0 50.0 50.0 52.0 62.0 62.0 60.0 64.0 68.0 68.0 68.0 68.0 68.0 68.0 
12.0 34.0 34.0 38.0 56.0 56.0 54.0 58.0 62.0 62.0 64.0 64.0 64.0 64.0 
34.0 34.0 38.0 56.0 56.0 54.0 58.0 62.0 62.0 64.0 64.0 64.0 64.0 
0.0 10.0 42.0 40.0 42.0 44.0 50.0 50.0 52.0 52.0 52.0 52.0 
10.0 42.0 40.0 42.0 44.0 50.0 50.0 52.0 52.0 52.0 52.0 
36.0 34.0 40.0 44.0 50.0 50.0 52.0 52.0 52.0 52.0 
2.0 16.0 18.0 18.0 20.0 26.0 26.0 26.0 26.0 
16.0 18.0 20.0 20.0 26.0 26.0 26.0 26.0 
14.0 20.0 20.0 26.0 26.0 26.0 26.0 
16.0 14.0 24.0 26.0 26.0 26.0 
4.0 24.0 24.0 24.0 24.0 
20.0 24.0 24.0 22.0 
6.0 10.0 8.0 
6.0 10.0 
6.0 
