14.0 16.0 16.0 16.0 16.0 18.0 20.0 24.0 32.0 32.0 38.0 38.0 44.0 72.0 72.0 74.0 78.0 78.0 78.0 78.0 82.0 84.0 86.0 86.0 90.0 98.0 102.0 104.0 110.0 110.0 110.0 112.0 112.0 112.0 112.0 114.0 116.0 114.0 116.0 116.0 116.0 116.0 116.0 116.0 116.0 116.0 120.0 120.0 120.0 
6.0 8.0 10.0 10.0 14.0 22.0 24.0 34.0 34.0 40.0 40.0 46.0 72.0 72.0 74.0 78.0 78.0 78.0 78.0 82.0 84.0 86.0 86.0 90.0 98.0 102.0 104.0 110.0 110.0 110.0 112.0 112.0 112.0 112.0 114.0 116.0 114.0 116.0 116.0 116.0 116.0 116.0 116.0 116.0 116.0 120.0 120.0 120.0 
4.0 10.0 10.0 10.0 22.0 24.0 34.0 34.0 40.0 40.0 46.0 72.0 72.0 74.0 78.0 78.0 78.0 78.0 82.0 84.0 86.0 86.0 90.0 98.0 102.0 104.0 110.0 110.0 110.0 112.0 112.0 112.0 112.0 114.0 116.0 114.0 116.0 116.0 116.0 116.0 116.0 116.0 116.0 116.0 120.0 120.0 120.0 
8.0 8.0 12.0 22.0 24.0 34.0 34.0 40.0 40.0 46.0 72.0 72.0 74.0 78.0 78.0 78.0 78.0 82.0 84.0 86.0 86.0 90.0 98.0 102.0 104.0 110.0 110.0 110.0 112.0 112.0 112.0 112.0 114.0 116.0 114.0 116.0 116.0 116.0 116.0 116.0 116.0 116.0 116.0 120.0 120.0 120.0 
0.0 12.0 20.0 22.0 32.0 32.0 38.0 38.0 44.0 72.0 72.0 74.0 78.0 78.0 78.0 78.0 82.0 84.0 86.0 86.0 90.0 98.0 102.0 104.0 110.0 110.0 110.0 112.0 112.0 112.0 112.0 114.0 116.0 114.0 116.0 116.0 116.0 116.0 116.0 116.0 116.0 116.0 120.0 120.0 120.0 
12.0 20.0 22.0 32.0 32.0 38.0 38.0 44.0 72.0 72.0 74.0 78.0 78.0 78.0 78.0 82.0 84.0 86.0 86.0 90.0 98.0 102.0 104.0 110.0 110.0 110.0 112.0 112.0 112.0 112.0 114.0 116.0 114.0 116.0 116.0 116.0 116.0 116.0 116.0 116.0 116.0 120.0 120.0 120.0 
14.0 18.0 28.0 26.0 34.0 34.0 40.0 72.0 72.0 74.0 78.0 78.0 78.0 78.0 82.0 84.0 86.0 86.0 90.0 98.0 102.0 104.0 110.0 110.0 110.0 112.0 112.0 112.0 112.0 114.0 116.0 114.0 116.0 116.0 116.0 116.0 116.0 116.0 116.0 116.0 120.0 120.0 120.0 
8.0 20.0 18.0 26.0 26.0 32.0 70.0 70.0 72.0 76.0 76.0 76.0 76.0 80.0 82.0 84.0 84.0 88.0 96.0 100.0 102.0 108.0 108.0 108.0 110.0 110.0 110.0 110.0 112.0 114.0 112.0 114.0 114.0 114.0 114.0 114.0 114.0 114.0 114.0 118.0 118.0 118.0 
14.0 12.0 22.0 22.0 28.0 70.0 70.0 72.0 76.0 76.0 76.0 76.0 80.0 82.0 84.0 84.0 88.0 96.0 100.0 102.0 108.0 108.0 108.0 110.0 110.0 110.0 110.0 112.0 114.0 112.0 114.0 114.0 114.0 114.0 114.0 114.0 114.0 114.0 118.0 118.0 118.0 
2.0 18.0 16.0 24.0 70.0 70.0 72.0 76.0 76.0 76.0 76.0 80.0 82.0 84.0 84.0 88.0 96.0 100.0 102.0 108.0 108.0 108.0 110.0 110.0 110.0 110.0 112.0 114.0 112.0 114.0 114.0 114.0 114.0 114.0 114.0 114.0 114.0 118.0 118.0 118.0 
18.0 16.0 24.0 70.0 70.0 72.0 76.0 76.0 76.0 76.0 80.0 82.0 84.0 84.0 88.0 96.0 100.0 102.0 108.0 108.0 108.0 110.0 110.0 110.0 110.0 112.0 114.0 112.0 114.0 114.0 114.0 114.0 114.0 114.0 114.0 114.0 118.0 118.0 118.0 
10.0 22.0 70.0 70.0 72.0 76.0 76.0 76.0 76.0 80.0 82.0 84.0 84.0 88.0 96.0 100.0 102.0 108.0 108.0 108.0 110.0 110.0 110.0 110.0 112.0 114.0 112.0 114.0 114.0 114.0 114.0 114.0 114.0 114.0 114.0 118.0 118.0 118.0 
18.0 70.0 70.0 72.0 76.0 76.0 76.0 76.0 80.0 82.0 84.0 84.0 88.0 96.0 100.0 102.0 108.0 108.0 108.0 110.0 110.0 110.0 110.0 112.0 114.0 112.0 114.0 114.0 114.0 114.0 114.0 114.0 114.0 114.0 118.0 118.0 118.0 
64.0 64.0 68.0 70.0 72.0 72.0 74.0 78.0 80.0 82.0 82.0 86.0 96.0 100.0 102.0 108.0 108.0 108.0 110.0 110.0 110.0 110.0 112.0 114.0 112.0 114.0 114.0 114.0 114.0 114.0 114.0 114.0 114.0 118.0 118.0 118.0 
12.0 34.0 36.0 42.0 54.0 58.0 62.0 64.0 66.0 66.0 72.0 84.0 88.0 90.0 98.0 98.0 100.0 102.0 102.0 104.0 104.0 106.0 110.0 108.0 110.0 110.0 110.0 108.0 108.0 108.0 108.0 110.0 114.0 114.0 114.0 
34.0 34.0 42.0 54.0 58.0 62.0 64.0 66.0 66.0 72.0 84.0 88.0 90.0 98.0 98.0 100.0 102.0 102.0 104.0 104.0 106.0 110.0 108.0 110.0 110.0 110.0 108.0 108.0 108.0 108.0 110.0 114.0 114.0 114.0 
38.0 36.0 46.0 54.0 58.0 60.0 62.0 64.0 72.0 84.0 88.0 90.0 98.0 98.0 100.0 102.0 102.0 104.0 104.0 106.0 110.0 108.0 110.0 110.0 110.0 108.0 108.0 108.0 108.0 110.0 114.0 114.0 114.0 
28.0 50.0 54.0 58.0 60.0 62.0 62.0 68.0 80.0 84.0 86.0 94.0 94.0 96.0 100.0 100.0 102.0 102.0 104.0 108.0 106.0 108.0 108.0 108.0 106.0 106.0 106.0 106.0 108.0 112.0 112.0 112.0 
36.0 44.0 50.0 52.0 54.0 56.0 64.0 76.0 80.0 82.0 90.0 90.0 92.0 96.0 96.0 98.0 98.0 100.0 106.0 104.0 106.0 106.0 106.0 104.0 106.0 106.0 106.0 108.0 112.0 112.0 112.0 
34.0 44.0 48.0 50.0 52.0 58.0 68.0 72.0 74.0 82.0 82.0 86.0 92.0 92.0 94.0 94.0 96.0 102.0 100.0 102.0 102.0 102.0 100.0 102.0 102.0 102.0 104.0 108.0 108.0 108.0 
24.0 28.0 30.0 32.0 54.0 64.0 70.0 76.0 84.0 84.0 86.0 92.0 92.0 94.0 94.0 96.0 102.0 100.0 102.0 102.0 102.0 100.0 102.0 102.0 102.0 104.0 108.0 108.0 108.0 
6.0 10.0 14.0 44.0 60.0 66.0 68.0 76.0 76.0 80.0 88.0 88.0 90.0 88.0 92.0 100.0 98.0 102.0 102.0 102.0 100.0 102.0 102.0 102.0 104.0 108.0 108.0 108.0 
8.0 8.0 42.0 58.0 64.0 66.0 74.0 74.0 78.0 86.0 86.0 88.0 86.0 90.0 98.0 96.0 100.0 100.0 100.0 100.0 102.0 102.0 102.0 104.0 108.0 108.0 108.0 
8.0 38.0 54.0 60.0 62.0 70.0 70.0 74.0 82.0 82.0 84.0 82.0 86.0 96.0 94.0 98.0 98.0 98.0 98.0 100.0 100.0 100.0 102.0 106.0 106.0 106.0 
36.0 50.0 56.0 60.0 68.0 68.0 72.0 82.0 82.0 84.0 82.0 86.0 96.0 94.0 98.0 98.0 98.0 98.0 100.0 100.0 100.0 102.0 106.0 106.0 106.0 
24.0 34.0 60.0 68.0 68.0 76.0 82.0 82.0 84.0 82.0 86.0 96.0 94.0 98.0 98.0 98.0 98.0 100.0 100.0 100.0 102.0 106.0 106.0 106.0 
10.0 54.0 62.0 64.0 70.0 78.0 78.0 80.0 80.0 84.0 94.0 92.0 94.0 94.0 94.0 94.0 96.0 96.0 96.0 98.0 102.0 102.0 102.0 
48.0 56.0 60.0 68.0 76.0 76.0 76.0 76.0 84.0 94.0 92.0 94.0 94.0 94.0 94.0 96.0 96.0 96.0 98.0 102.0 102.0 102.0 
12.0 14.0 34.0 50.0 52.0 64.0 60.0 76.0 86.0 84.0 90.0 90.0 90.0 90.0 92.0 92.0 92.0 94.0 100.0 100.0 100.0 
10.0 30.0 44.0 50.0 60.0 58.0 72.0 82.0 80.0 86.0 86.0 86.0 90.0 92.0 92.0 92.0 90.0 96.0 96.0 96.0 
24.0 40.0 44.0 56.0 52.0 70.0 80.0 78.0 84.0 84.0 84.0 88.0 90.0 90.0 90.0 88.0 94.0 94.0 94.0 
18.0 32.0 52.0 50.0 66.0 76.0 74.0 80.0 80.0 80.0 84.0 88.0 88.0 88.0 86.0 92.0 94.0 94.0 
24.0 48.0 50.0 64.0 74.0 72.0 76.0 76.0 76.0 80.0 84.0 84.0 84.0 82.0 88.0 90.0 90.0 
32.0 36.0 66.0 76.0 74.0 78.0 78.0 78.0 82.0 80.0 80.0 80.0 78.0 84.0 86.0 86.0 
28.0 60.0 72.0 70.0 74.0 74.0 76.0 82.0 80.0 80.0 80.0 78.0 84.0 86.0 86.0 
54.0 66.0 66.0 74.0 74.0 74.0 80.0 78.0 78.0 78.0 76.0 82.0 86.0 86.0 
30.0 32.0 58.0 60.0 64.0 70.0 74.0 76.0 76.0 74.0 80.0 86.0 86.0 
6.0 36.0 40.0 44.0 52.0 56.0 58.0 58.0 56.0 68.0 74.0 74.0 
36.0 40.0 44.0 54.0 58.0 58.0 60.0 58.0 68.0 74.0 74.0 
4.0 16.0 42.0 54.0 54.0 56.0 54.0 66.0 74.0 74.0 
12.0 40.0 54.0 54.0 56.0 54.0 66.0 74.0 74.0 
34.0 54.0 52.0 54.0 52.0 64.0 74.0 74.0 
32.0 32.0 36.0 40.0 64.0 76.0 76.0 
4.0 16.0 20.0 48.0 60.0 60.0 
16.0 20.0 48.0 60.0 60.0 
14.0 44.0 60.0 60.0 
34.0 50.0 50.0 
38.0 40.0 
6.0 
