12.0 32.0 32.0 42.0 44.0 54.0 60.0 62.0 64.0 68.0 68.0 78.0 88.0 90.0 92.0 90.0 90.0 100.0 100.0 100.0 104.0 104.0 104.0 106.0 108.0 110.0 118.0 120.0 120.0 120.0 120.0 120.0 120.0 120.0 120.0 120.0 120.0 120.0 120.0 120.0 120.0 120.0 120.0 120.0 120.0 122.0 122.0 122.0 122.0 
20.0 20.0 32.0 34.0 50.0 56.0 58.0 60.0 64.0 64.0 74.0 84.0 86.0 92.0 90.0 90.0 100.0 100.0 100.0 102.0 102.0 102.0 104.0 106.0 108.0 118.0 120.0 120.0 120.0 120.0 120.0 120.0 120.0 120.0 120.0 120.0 120.0 120.0 120.0 120.0 120.0 120.0 120.0 120.0 122.0 122.0 122.0 122.0 
0.0 24.0 24.0 46.0 58.0 58.0 60.0 64.0 64.0 74.0 84.0 86.0 92.0 90.0 90.0 100.0 100.0 100.0 102.0 102.0 102.0 104.0 106.0 108.0 118.0 120.0 120.0 120.0 120.0 120.0 120.0 120.0 120.0 120.0 120.0 120.0 120.0 120.0 120.0 120.0 120.0 120.0 120.0 122.0 122.0 122.0 122.0 
24.0 24.0 46.0 58.0 58.0 60.0 64.0 64.0 74.0 84.0 86.0 92.0 90.0 90.0 100.0 100.0 100.0 102.0 102.0 102.0 104.0 106.0 108.0 118.0 120.0 120.0 120.0 120.0 120.0 120.0 120.0 120.0 120.0 120.0 120.0 120.0 120.0 120.0 120.0 120.0 120.0 120.0 122.0 122.0 122.0 122.0 
14.0 42.0 54.0 54.0 58.0 62.0 62.0 72.0 82.0 84.0 90.0 88.0 88.0 98.0 98.0 98.0 100.0 100.0 100.0 102.0 104.0 106.0 116.0 118.0 118.0 118.0 118.0 118.0 118.0 118.0 118.0 118.0 118.0 118.0 118.0 118.0 118.0 118.0 118.0 118.0 118.0 120.0 120.0 120.0 120.0 
40.0 54.0 54.0 58.0 62.0 62.0 72.0 82.0 84.0 90.0 88.0 88.0 98.0 98.0 98.0 100.0 100.0 100.0 102.0 104.0 106.0 116.0 118.0 118.0 118.0 118.0 118.0 118.0 118.0 118.0 118.0 118.0 118.0 118.0 118.0 118.0 118.0 118.0 118.0 118.0 120.0 120.0 120.0 120.0 
32.0 30.0 46.0 52.0 52.0 66.0 78.0 80.0 86.0 84.0 84.0 94.0 94.0 94.0 98.0 98.0 98.0 100.0 102.0 104.0 114.0 116.0 116.0 116.0 116.0 116.0 116.0 116.0 116.0 116.0 116.0 116.0 116.0 116.0 116.0 116.0 116.0 116.0 116.0 118.0 118.0 118.0 118.0 
12.0 42.0 44.0 42.0 58.0 74.0 76.0 82.0 80.0 80.0 94.0 94.0 94.0 98.0 98.0 98.0 100.0 102.0 104.0 114.0 116.0 116.0 116.0 116.0 116.0 116.0 116.0 116.0 116.0 116.0 116.0 116.0 116.0 116.0 116.0 116.0 116.0 116.0 118.0 118.0 118.0 118.0 
38.0 42.0 44.0 58.0 74.0 76.0 82.0 80.0 80.0 94.0 94.0 94.0 98.0 98.0 98.0 100.0 102.0 104.0 114.0 116.0 116.0 116.0 116.0 116.0 116.0 116.0 116.0 116.0 116.0 116.0 116.0 116.0 116.0 116.0 116.0 116.0 116.0 118.0 118.0 118.0 118.0 
32.0 32.0 54.0 70.0 74.0 82.0 80.0 80.0 94.0 94.0 94.0 98.0 98.0 98.0 100.0 102.0 104.0 114.0 116.0 116.0 116.0 116.0 116.0 116.0 116.0 116.0 116.0 116.0 116.0 116.0 116.0 116.0 116.0 116.0 116.0 116.0 118.0 118.0 118.0 118.0 
12.0 42.0 58.0 64.0 76.0 76.0 76.0 92.0 92.0 92.0 96.0 96.0 96.0 98.0 100.0 102.0 114.0 116.0 116.0 116.0 116.0 116.0 116.0 116.0 116.0 116.0 116.0 116.0 116.0 116.0 116.0 116.0 116.0 116.0 116.0 118.0 118.0 118.0 118.0 
42.0 58.0 64.0 76.0 76.0 76.0 92.0 92.0 92.0 96.0 96.0 96.0 98.0 100.0 102.0 114.0 116.0 116.0 116.0 116.0 116.0 116.0 116.0 116.0 116.0 116.0 116.0 116.0 116.0 116.0 116.0 116.0 116.0 116.0 118.0 118.0 118.0 118.0 
36.0 42.0 58.0 62.0 62.0 84.0 86.0 86.0 92.0 92.0 94.0 96.0 96.0 98.0 110.0 112.0 112.0 114.0 114.0 114.0 114.0 114.0 114.0 114.0 114.0 114.0 114.0 114.0 114.0 114.0 114.0 114.0 114.0 116.0 116.0 116.0 116.0 
30.0 46.0 50.0 50.0 78.0 80.0 80.0 86.0 86.0 90.0 92.0 92.0 94.0 106.0 108.0 108.0 110.0 110.0 110.0 110.0 110.0 110.0 110.0 110.0 110.0 110.0 110.0 110.0 110.0 110.0 110.0 110.0 112.0 112.0 112.0 112.0 
26.0 44.0 44.0 74.0 76.0 76.0 82.0 82.0 86.0 88.0 90.0 92.0 104.0 106.0 106.0 108.0 108.0 108.0 108.0 108.0 108.0 108.0 108.0 108.0 108.0 108.0 108.0 108.0 108.0 108.0 108.0 110.0 110.0 110.0 110.0 
30.0 32.0 62.0 64.0 66.0 74.0 74.0 80.0 82.0 84.0 86.0 98.0 100.0 100.0 102.0 102.0 102.0 102.0 102.0 102.0 104.0 104.0 104.0 104.0 104.0 102.0 102.0 102.0 104.0 104.0 108.0 108.0 108.0 108.0 
6.0 50.0 52.0 56.0 66.0 66.0 76.0 78.0 82.0 84.0 98.0 100.0 100.0 102.0 102.0 102.0 102.0 102.0 102.0 104.0 104.0 104.0 104.0 104.0 102.0 102.0 102.0 104.0 104.0 108.0 108.0 108.0 108.0 
50.0 52.0 56.0 66.0 66.0 76.0 78.0 82.0 84.0 98.0 100.0 100.0 102.0 102.0 102.0 102.0 102.0 102.0 104.0 104.0 104.0 104.0 104.0 102.0 102.0 102.0 104.0 104.0 108.0 108.0 108.0 108.0 
12.0 20.0 32.0 32.0 48.0 56.0 68.0 70.0 86.0 88.0 88.0 90.0 90.0 90.0 90.0 90.0 90.0 92.0 92.0 92.0 92.0 92.0 94.0 94.0 94.0 94.0 96.0 100.0 100.0 100.0 100.0 
14.0 26.0 26.0 48.0 56.0 68.0 70.0 86.0 88.0 88.0 90.0 90.0 90.0 90.0 90.0 90.0 92.0 92.0 92.0 92.0 92.0 94.0 94.0 94.0 94.0 96.0 100.0 100.0 100.0 100.0 
22.0 26.0 48.0 56.0 68.0 70.0 86.0 88.0 88.0 90.0 90.0 90.0 90.0 90.0 90.0 92.0 92.0 92.0 92.0 92.0 94.0 94.0 94.0 94.0 96.0 100.0 100.0 100.0 100.0 
4.0 34.0 50.0 70.0 72.0 88.0 90.0 90.0 90.0 90.0 90.0 90.0 90.0 90.0 92.0 92.0 92.0 92.0 92.0 94.0 94.0 94.0 94.0 96.0 100.0 100.0 100.0 100.0 
32.0 48.0 68.0 70.0 86.0 88.0 88.0 88.0 88.0 90.0 90.0 90.0 90.0 92.0 92.0 92.0 92.0 92.0 94.0 94.0 94.0 94.0 96.0 100.0 100.0 100.0 100.0 
34.0 58.0 64.0 82.0 82.0 82.0 82.0 82.0 84.0 84.0 84.0 84.0 88.0 88.0 88.0 88.0 88.0 90.0 90.0 90.0 90.0 90.0 94.0 94.0 94.0 94.0 
42.0 60.0 80.0 80.0 80.0 82.0 82.0 84.0 84.0 84.0 84.0 88.0 88.0 88.0 88.0 88.0 90.0 90.0 90.0 90.0 90.0 94.0 94.0 94.0 94.0 
42.0 66.0 68.0 68.0 74.0 74.0 76.0 76.0 76.0 76.0 82.0 82.0 80.0 80.0 80.0 84.0 84.0 84.0 84.0 84.0 88.0 88.0 88.0 88.0 
44.0 50.0 50.0 60.0 60.0 64.0 64.0 64.0 64.0 70.0 70.0 68.0 68.0 68.0 72.0 72.0 72.0 72.0 72.0 78.0 78.0 78.0 78.0 
26.0 24.0 40.0 40.0 56.0 54.0 52.0 52.0 54.0 54.0 56.0 56.0 56.0 60.0 60.0 60.0 56.0 60.0 70.0 70.0 70.0 66.0 
6.0 24.0 32.0 50.0 48.0 48.0 48.0 56.0 56.0 56.0 56.0 56.0 58.0 58.0 58.0 56.0 58.0 66.0 66.0 66.0 64.0 
22.0 30.0 52.0 50.0 48.0 48.0 54.0 54.0 56.0 56.0 56.0 60.0 60.0 60.0 56.0 56.0 66.0 66.0 66.0 62.0 
14.0 50.0 48.0 48.0 48.0 54.0 54.0 56.0 56.0 56.0 60.0 60.0 60.0 56.0 56.0 66.0 66.0 66.0 62.0 
48.0 44.0 46.0 46.0 52.0 52.0 54.0 54.0 54.0 58.0 58.0 58.0 54.0 54.0 64.0 64.0 64.0 60.0 
8.0 12.0 16.0 28.0 32.0 28.0 28.0 32.0 40.0 42.0 42.0 44.0 46.0 50.0 50.0 50.0 52.0 
6.0 14.0 26.0 30.0 30.0 30.0 34.0 42.0 44.0 44.0 42.0 44.0 52.0 52.0 52.0 50.0 
10.0 24.0 28.0 30.0 30.0 34.0 42.0 44.0 44.0 40.0 42.0 52.0 52.0 52.0 48.0 
26.0 30.0 32.0 32.0 36.0 42.0 44.0 44.0 40.0 42.0 52.0 52.0 52.0 48.0 
10.0 16.0 18.0 24.0 40.0 42.0 42.0 38.0 38.0 50.0 50.0 50.0 46.0 
12.0 18.0 22.0 40.0 42.0 42.0 38.0 38.0 50.0 50.0 50.0 46.0 
6.0 12.0 38.0 38.0 38.0 42.0 42.0 46.0 46.0 46.0 50.0 
6.0 36.0 38.0 38.0 42.0 42.0 46.0 46.0 46.0 50.0 
36.0 38.0 38.0 42.0 42.0 46.0 46.0 46.0 50.0 
12.0 12.0 28.0 42.0 46.0 48.0 48.0 52.0 
2.0 26.0 40.0 44.0 46.0 46.0 50.0 
26.0 40.0 44.0 46.0 46.0 50.0 
28.0 48.0 50.0 50.0 46.0 
36.0 38.0 38.0 36.0 
6.0 6.0 16.0 
0.0 10.0 
10.0 
