14.0 18.0 22.0 26.0 32.0 36.0 38.0 38.0 38.0 38.0 40.0 44.0 42.0 50.0 58.0 68.0 66.0 66.0 66.0 66.0 66.0 70.0 72.0 72.0 72.0 76.0 78.0 78.0 82.0 82.0 82.0 86.0 88.0 88.0 88.0 90.0 90.0 90.0 96.0 96.0 96.0 96.0 96.0 96.0 96.0 98.0 100.0 100.0 100.0 
8.0 12.0 18.0 24.0 32.0 34.0 34.0 34.0 34.0 36.0 40.0 38.0 46.0 56.0 66.0 64.0 62.0 62.0 62.0 66.0 66.0 68.0 70.0 70.0 76.0 78.0 78.0 82.0 82.0 82.0 86.0 88.0 88.0 88.0 90.0 90.0 90.0 96.0 96.0 96.0 96.0 96.0 96.0 96.0 98.0 100.0 100.0 100.0 
6.0 14.0 20.0 32.0 34.0 34.0 34.0 32.0 34.0 38.0 36.0 46.0 56.0 66.0 64.0 62.0 62.0 62.0 66.0 66.0 68.0 70.0 70.0 76.0 78.0 78.0 82.0 82.0 82.0 86.0 88.0 88.0 88.0 90.0 90.0 90.0 96.0 96.0 96.0 96.0 96.0 96.0 96.0 98.0 100.0 100.0 100.0 
12.0 18.0 30.0 32.0 32.0 34.0 32.0 34.0 38.0 36.0 46.0 56.0 66.0 64.0 62.0 62.0 62.0 66.0 66.0 68.0 70.0 70.0 76.0 78.0 78.0 82.0 82.0 82.0 86.0 88.0 88.0 88.0 90.0 90.0 90.0 96.0 96.0 96.0 96.0 96.0 96.0 96.0 98.0 100.0 100.0 100.0 
14.0 28.0 30.0 30.0 32.0 30.0 32.0 36.0 34.0 44.0 54.0 64.0 62.0 60.0 60.0 60.0 64.0 64.0 66.0 68.0 68.0 74.0 76.0 76.0 80.0 82.0 82.0 86.0 88.0 88.0 88.0 90.0 90.0 90.0 96.0 96.0 96.0 96.0 96.0 96.0 96.0 98.0 100.0 100.0 100.0 
24.0 26.0 26.0 30.0 28.0 30.0 34.0 34.0 44.0 54.0 64.0 62.0 60.0 60.0 60.0 64.0 64.0 66.0 68.0 68.0 74.0 76.0 76.0 80.0 82.0 82.0 86.0 88.0 88.0 88.0 90.0 90.0 90.0 96.0 96.0 96.0 96.0 96.0 96.0 96.0 98.0 100.0 100.0 100.0 
2.0 2.0 8.0 16.0 20.0 24.0 28.0 36.0 48.0 60.0 58.0 58.0 58.0 58.0 62.0 62.0 64.0 66.0 66.0 72.0 74.0 74.0 78.0 80.0 80.0 84.0 86.0 86.0 86.0 88.0 88.0 88.0 94.0 94.0 94.0 94.0 94.0 94.0 94.0 96.0 98.0 98.0 98.0 
0.0 6.0 14.0 18.0 22.0 28.0 36.0 48.0 60.0 58.0 58.0 58.0 58.0 62.0 62.0 64.0 66.0 66.0 72.0 74.0 74.0 78.0 80.0 80.0 84.0 86.0 86.0 86.0 88.0 88.0 88.0 94.0 94.0 94.0 94.0 94.0 94.0 94.0 96.0 98.0 98.0 98.0 
6.0 14.0 18.0 22.0 28.0 36.0 48.0 60.0 58.0 58.0 58.0 58.0 62.0 62.0 64.0 66.0 66.0 72.0 74.0 74.0 78.0 80.0 80.0 84.0 86.0 86.0 86.0 88.0 88.0 88.0 94.0 94.0 94.0 94.0 94.0 94.0 94.0 96.0 98.0 98.0 98.0 
8.0 12.0 16.0 22.0 30.0 46.0 60.0 58.0 58.0 58.0 58.0 62.0 62.0 64.0 66.0 66.0 72.0 74.0 74.0 78.0 80.0 80.0 84.0 86.0 86.0 86.0 88.0 88.0 88.0 94.0 94.0 94.0 94.0 94.0 94.0 94.0 96.0 98.0 98.0 98.0 
4.0 10.0 16.0 28.0 42.0 56.0 56.0 58.0 58.0 58.0 62.0 62.0 64.0 66.0 66.0 72.0 74.0 74.0 78.0 80.0 80.0 84.0 86.0 86.0 86.0 88.0 88.0 88.0 94.0 94.0 94.0 94.0 94.0 94.0 94.0 96.0 98.0 98.0 98.0 
8.0 18.0 28.0 42.0 56.0 56.0 58.0 58.0 58.0 62.0 62.0 64.0 66.0 66.0 72.0 74.0 74.0 78.0 80.0 80.0 84.0 86.0 86.0 86.0 88.0 88.0 88.0 94.0 94.0 94.0 94.0 94.0 94.0 94.0 96.0 98.0 98.0 98.0 
14.0 28.0 42.0 56.0 56.0 58.0 58.0 58.0 62.0 62.0 64.0 66.0 66.0 72.0 74.0 74.0 78.0 80.0 80.0 84.0 86.0 86.0 86.0 88.0 88.0 88.0 94.0 94.0 94.0 94.0 94.0 94.0 94.0 96.0 98.0 98.0 98.0 
26.0 40.0 52.0 52.0 56.0 56.0 56.0 60.0 60.0 62.0 64.0 64.0 70.0 72.0 72.0 76.0 78.0 78.0 82.0 84.0 84.0 84.0 86.0 86.0 86.0 94.0 94.0 94.0 94.0 94.0 94.0 94.0 96.0 98.0 98.0 98.0 
30.0 50.0 52.0 56.0 56.0 56.0 60.0 60.0 62.0 64.0 64.0 70.0 72.0 72.0 76.0 78.0 78.0 82.0 84.0 84.0 84.0 86.0 86.0 86.0 94.0 94.0 94.0 94.0 94.0 94.0 94.0 96.0 98.0 98.0 98.0 
32.0 38.0 48.0 48.0 52.0 50.0 58.0 60.0 60.0 60.0 68.0 70.0 70.0 74.0 76.0 76.0 80.0 82.0 82.0 82.0 84.0 84.0 84.0 92.0 92.0 92.0 92.0 92.0 92.0 92.0 94.0 96.0 96.0 96.0 
20.0 34.0 36.0 38.0 36.0 44.0 52.0 52.0 52.0 60.0 62.0 64.0 68.0 70.0 70.0 76.0 78.0 78.0 78.0 80.0 80.0 80.0 88.0 88.0 88.0 88.0 88.0 88.0 88.0 90.0 92.0 92.0 92.0 
28.0 32.0 36.0 32.0 40.0 48.0 48.0 48.0 56.0 58.0 60.0 64.0 66.0 66.0 72.0 74.0 74.0 74.0 76.0 76.0 78.0 88.0 88.0 86.0 88.0 88.0 88.0 88.0 90.0 92.0 92.0 92.0 
10.0 12.0 20.0 22.0 36.0 40.0 40.0 58.0 60.0 62.0 66.0 68.0 68.0 74.0 76.0 76.0 76.0 78.0 78.0 78.0 88.0 88.0 88.0 88.0 88.0 88.0 88.0 90.0 92.0 92.0 92.0 
18.0 24.0 30.0 40.0 44.0 44.0 60.0 62.0 62.0 66.0 68.0 68.0 74.0 76.0 76.0 76.0 78.0 78.0 78.0 88.0 88.0 88.0 88.0 88.0 88.0 88.0 90.0 92.0 92.0 92.0 
18.0 20.0 30.0 36.0 36.0 54.0 56.0 58.0 62.0 66.0 66.0 72.0 74.0 74.0 74.0 76.0 76.0 76.0 86.0 86.0 86.0 86.0 86.0 86.0 86.0 88.0 90.0 90.0 90.0 
18.0 30.0 34.0 34.0 50.0 52.0 54.0 58.0 62.0 62.0 68.0 70.0 70.0 70.0 72.0 72.0 74.0 84.0 84.0 82.0 84.0 84.0 84.0 84.0 86.0 88.0 88.0 88.0 
18.0 26.0 26.0 48.0 50.0 54.0 58.0 62.0 62.0 68.0 70.0 70.0 70.0 72.0 72.0 74.0 84.0 84.0 82.0 84.0 84.0 84.0 84.0 86.0 88.0 88.0 88.0 
12.0 18.0 46.0 48.0 50.0 54.0 58.0 58.0 64.0 66.0 68.0 68.0 70.0 70.0 72.0 82.0 82.0 80.0 82.0 82.0 82.0 82.0 84.0 86.0 86.0 86.0 
8.0 44.0 46.0 48.0 52.0 56.0 56.0 64.0 66.0 68.0 68.0 70.0 70.0 72.0 82.0 82.0 80.0 82.0 82.0 82.0 82.0 84.0 86.0 86.0 86.0 
44.0 46.0 48.0 52.0 56.0 56.0 64.0 66.0 68.0 68.0 70.0 70.0 72.0 82.0 82.0 80.0 82.0 82.0 82.0 82.0 84.0 86.0 86.0 86.0 
8.0 26.0 38.0 46.0 46.0 54.0 56.0 58.0 58.0 60.0 60.0 62.0 74.0 74.0 72.0 74.0 74.0 74.0 74.0 76.0 78.0 78.0 78.0 
24.0 36.0 44.0 44.0 52.0 54.0 56.0 56.0 58.0 58.0 60.0 72.0 72.0 70.0 72.0 72.0 72.0 72.0 74.0 76.0 76.0 76.0 
18.0 36.0 36.0 42.0 50.0 52.0 52.0 54.0 54.0 56.0 72.0 72.0 70.0 72.0 72.0 72.0 72.0 74.0 76.0 76.0 76.0 
20.0 24.0 32.0 42.0 48.0 48.0 52.0 52.0 54.0 72.0 72.0 70.0 72.0 72.0 72.0 72.0 74.0 76.0 76.0 76.0 
14.0 18.0 26.0 32.0 32.0 42.0 42.0 46.0 66.0 66.0 64.0 66.0 66.0 66.0 66.0 68.0 70.0 70.0 70.0 
18.0 30.0 36.0 36.0 44.0 44.0 48.0 66.0 66.0 64.0 66.0 66.0 66.0 66.0 68.0 70.0 70.0 70.0 
18.0 24.0 26.0 36.0 36.0 40.0 60.0 60.0 58.0 60.0 60.0 60.0 60.0 62.0 64.0 64.0 64.0 
10.0 18.0 34.0 32.0 38.0 58.0 58.0 56.0 58.0 58.0 58.0 58.0 60.0 62.0 62.0 62.0 
8.0 30.0 28.0 36.0 56.0 56.0 54.0 56.0 56.0 56.0 56.0 58.0 60.0 60.0 60.0 
28.0 26.0 34.0 56.0 56.0 54.0 56.0 56.0 56.0 56.0 58.0 60.0 60.0 60.0 
16.0 26.0 52.0 50.0 48.0 52.0 52.0 52.0 52.0 54.0 56.0 56.0 56.0 
28.0 52.0 50.0 48.0 52.0 52.0 52.0 52.0 54.0 56.0 56.0 56.0 
50.0 50.0 52.0 52.0 52.0 52.0 52.0 54.0 56.0 56.0 56.0 
14.0 20.0 20.0 24.0 24.0 18.0 18.0 30.0 30.0 38.0 
16.0 18.0 22.0 22.0 18.0 24.0 32.0 32.0 40.0 
20.0 24.0 24.0 24.0 26.0 34.0 34.0 42.0 
6.0 6.0 8.0 16.0 22.0 22.0 30.0 
0.0 6.0 18.0 22.0 22.0 30.0 
6.0 18.0 22.0 22.0 30.0 
14.0 20.0 20.0 28.0 
20.0 20.0 30.0 
0.0 12.0 
12.0 
