24.0 24.0 22.0 26.0 32.0 32.0 34.0 50.0 48.0 48.0 54.0 64.0 62.0 62.0 78.0 82.0 84.0 86.0 86.0 90.0 92.0 92.0 94.0 96.0 98.0 100.0 100.0 100.0 100.0 102.0 104.0 104.0 106.0 110.0 108.0 110.0 110.0 110.0 110.0 110.0 110.0 110.0 114.0 114.0 114.0 114.0 114.0 114.0 114.0 
0.0 2.0 4.0 10.0 10.0 12.0 44.0 34.0 34.0 48.0 60.0 58.0 58.0 74.0 78.0 80.0 82.0 82.0 86.0 88.0 88.0 90.0 94.0 96.0 98.0 98.0 98.0 98.0 100.0 102.0 102.0 104.0 110.0 108.0 110.0 110.0 110.0 110.0 110.0 110.0 110.0 114.0 114.0 114.0 114.0 114.0 114.0 114.0 
2.0 4.0 10.0 10.0 12.0 44.0 34.0 34.0 48.0 60.0 58.0 58.0 74.0 78.0 80.0 82.0 82.0 86.0 88.0 88.0 90.0 94.0 96.0 98.0 98.0 98.0 98.0 100.0 102.0 102.0 104.0 110.0 108.0 110.0 110.0 110.0 110.0 110.0 110.0 110.0 114.0 114.0 114.0 114.0 114.0 114.0 114.0 
4.0 10.0 10.0 12.0 44.0 34.0 34.0 48.0 60.0 58.0 58.0 74.0 78.0 80.0 82.0 82.0 86.0 88.0 88.0 90.0 94.0 96.0 98.0 98.0 98.0 98.0 100.0 102.0 102.0 104.0 110.0 108.0 110.0 110.0 110.0 110.0 110.0 110.0 110.0 114.0 114.0 114.0 114.0 114.0 114.0 114.0 
8.0 8.0 10.0 44.0 34.0 34.0 48.0 60.0 58.0 58.0 74.0 78.0 80.0 82.0 82.0 86.0 88.0 88.0 90.0 94.0 96.0 98.0 98.0 98.0 98.0 100.0 102.0 102.0 104.0 110.0 108.0 110.0 110.0 110.0 110.0 110.0 110.0 110.0 114.0 114.0 114.0 114.0 114.0 114.0 114.0 
4.0 4.0 44.0 34.0 34.0 48.0 60.0 58.0 58.0 74.0 78.0 80.0 82.0 82.0 86.0 88.0 88.0 90.0 94.0 96.0 98.0 98.0 98.0 98.0 100.0 102.0 102.0 104.0 110.0 108.0 110.0 110.0 110.0 110.0 110.0 110.0 110.0 114.0 114.0 114.0 114.0 114.0 114.0 114.0 
4.0 42.0 32.0 32.0 46.0 58.0 56.0 56.0 72.0 76.0 78.0 80.0 80.0 84.0 86.0 86.0 88.0 94.0 96.0 98.0 98.0 98.0 98.0 100.0 102.0 102.0 104.0 110.0 108.0 110.0 110.0 110.0 110.0 110.0 110.0 110.0 114.0 114.0 114.0 114.0 114.0 114.0 114.0 
42.0 32.0 32.0 46.0 58.0 56.0 56.0 72.0 76.0 78.0 80.0 80.0 84.0 86.0 86.0 88.0 94.0 96.0 98.0 98.0 98.0 98.0 100.0 102.0 102.0 104.0 110.0 108.0 110.0 110.0 110.0 110.0 110.0 110.0 110.0 114.0 114.0 114.0 114.0 114.0 114.0 114.0 
10.0 12.0 24.0 44.0 48.0 46.0 68.0 66.0 70.0 72.0 72.0 80.0 82.0 82.0 86.0 94.0 96.0 98.0 98.0 98.0 98.0 100.0 102.0 102.0 104.0 110.0 108.0 110.0 110.0 110.0 110.0 110.0 110.0 110.0 114.0 114.0 114.0 114.0 114.0 114.0 114.0 
2.0 22.0 48.0 46.0 44.0 66.0 70.0 74.0 76.0 76.0 80.0 82.0 82.0 86.0 94.0 96.0 98.0 98.0 98.0 98.0 100.0 102.0 102.0 104.0 110.0 108.0 110.0 110.0 110.0 110.0 110.0 110.0 110.0 114.0 114.0 114.0 114.0 114.0 114.0 114.0 
22.0 48.0 46.0 46.0 66.0 70.0 74.0 76.0 76.0 80.0 82.0 82.0 86.0 94.0 96.0 98.0 98.0 98.0 98.0 100.0 102.0 102.0 104.0 110.0 108.0 110.0 110.0 110.0 110.0 110.0 110.0 110.0 114.0 114.0 114.0 114.0 114.0 114.0 114.0 
40.0 36.0 46.0 66.0 70.0 74.0 76.0 76.0 80.0 82.0 82.0 86.0 94.0 96.0 98.0 98.0 98.0 98.0 100.0 102.0 102.0 104.0 110.0 108.0 110.0 110.0 110.0 110.0 110.0 110.0 110.0 114.0 114.0 114.0 114.0 114.0 114.0 114.0 
6.0 22.0 58.0 56.0 62.0 64.0 64.0 72.0 74.0 74.0 78.0 88.0 90.0 92.0 92.0 92.0 94.0 96.0 98.0 98.0 100.0 106.0 104.0 106.0 106.0 106.0 106.0 106.0 106.0 106.0 110.0 110.0 110.0 110.0 110.0 110.0 110.0 
18.0 56.0 60.0 66.0 68.0 68.0 72.0 74.0 74.0 78.0 88.0 90.0 92.0 92.0 92.0 94.0 96.0 98.0 98.0 100.0 106.0 104.0 106.0 106.0 106.0 106.0 106.0 106.0 106.0 110.0 110.0 110.0 110.0 110.0 110.0 110.0 
50.0 54.0 60.0 64.0 64.0 72.0 74.0 74.0 78.0 88.0 90.0 92.0 92.0 92.0 94.0 96.0 98.0 98.0 100.0 106.0 104.0 106.0 106.0 106.0 106.0 106.0 106.0 106.0 110.0 110.0 110.0 110.0 110.0 110.0 110.0 
16.0 30.0 40.0 38.0 46.0 48.0 50.0 54.0 72.0 76.0 80.0 80.0 82.0 84.0 86.0 88.0 88.0 90.0 98.0 96.0 98.0 98.0 98.0 98.0 98.0 98.0 98.0 102.0 102.0 102.0 102.0 102.0 102.0 102.0 
16.0 28.0 24.0 40.0 42.0 44.0 48.0 70.0 74.0 78.0 78.0 82.0 84.0 86.0 88.0 88.0 90.0 98.0 96.0 98.0 98.0 98.0 98.0 98.0 98.0 98.0 102.0 102.0 102.0 102.0 102.0 102.0 102.0 
18.0 18.0 38.0 40.0 42.0 46.0 66.0 70.0 74.0 76.0 82.0 84.0 86.0 88.0 88.0 90.0 98.0 96.0 98.0 98.0 98.0 98.0 98.0 98.0 98.0 102.0 102.0 102.0 102.0 102.0 102.0 102.0 
4.0 38.0 40.0 42.0 48.0 68.0 72.0 76.0 76.0 80.0 84.0 86.0 88.0 88.0 90.0 98.0 96.0 98.0 98.0 98.0 98.0 98.0 98.0 98.0 102.0 102.0 102.0 102.0 102.0 102.0 102.0 
36.0 38.0 40.0 46.0 68.0 72.0 76.0 76.0 80.0 84.0 86.0 88.0 88.0 90.0 98.0 96.0 98.0 98.0 98.0 98.0 98.0 98.0 98.0 102.0 102.0 102.0 102.0 102.0 102.0 102.0 
18.0 14.0 28.0 58.0 62.0 68.0 70.0 76.0 76.0 80.0 82.0 82.0 84.0 92.0 90.0 92.0 92.0 92.0 92.0 92.0 96.0 96.0 100.0 100.0 100.0 100.0 100.0 100.0 100.0 
14.0 26.0 60.0 64.0 68.0 70.0 76.0 76.0 80.0 82.0 82.0 84.0 92.0 90.0 92.0 92.0 92.0 92.0 92.0 96.0 96.0 100.0 100.0 100.0 100.0 100.0 100.0 100.0 
20.0 56.0 60.0 66.0 68.0 74.0 74.0 80.0 80.0 80.0 82.0 92.0 90.0 92.0 92.0 92.0 92.0 92.0 96.0 96.0 100.0 100.0 100.0 100.0 100.0 100.0 100.0 
44.0 48.0 56.0 58.0 66.0 70.0 76.0 76.0 76.0 78.0 90.0 88.0 90.0 90.0 90.0 90.0 90.0 92.0 92.0 96.0 96.0 96.0 96.0 96.0 96.0 96.0 
18.0 38.0 44.0 56.0 60.0 72.0 72.0 70.0 74.0 86.0 84.0 86.0 86.0 86.0 86.0 86.0 90.0 90.0 94.0 94.0 94.0 94.0 94.0 94.0 94.0 
40.0 44.0 56.0 60.0 70.0 70.0 68.0 72.0 84.0 82.0 84.0 84.0 84.0 84.0 84.0 88.0 88.0 92.0 92.0 92.0 92.0 92.0 92.0 92.0 
18.0 48.0 52.0 68.0 64.0 62.0 68.0 80.0 78.0 80.0 80.0 80.0 80.0 80.0 84.0 86.0 90.0 90.0 90.0 90.0 90.0 90.0 90.0 
46.0 50.0 66.0 62.0 60.0 66.0 78.0 76.0 78.0 78.0 78.0 78.0 78.0 82.0 84.0 88.0 88.0 88.0 88.0 88.0 88.0 88.0 
28.0 50.0 50.0 52.0 52.0 70.0 66.0 70.0 70.0 72.0 72.0 72.0 78.0 76.0 80.0 80.0 80.0 80.0 80.0 80.0 80.0 
48.0 36.0 40.0 44.0 66.0 62.0 66.0 66.0 68.0 68.0 68.0 76.0 74.0 78.0 78.0 78.0 78.0 78.0 78.0 78.0 
46.0 46.0 42.0 62.0 58.0 64.0 64.0 66.0 66.0 66.0 74.0 70.0 74.0 74.0 74.0 74.0 74.0 74.0 74.0 
16.0 28.0 54.0 48.0 54.0 54.0 56.0 56.0 58.0 66.0 70.0 74.0 74.0 74.0 74.0 74.0 74.0 74.0 
28.0 54.0 48.0 56.0 56.0 58.0 58.0 60.0 66.0 70.0 74.0 74.0 74.0 74.0 74.0 74.0 74.0 
52.0 46.0 54.0 54.0 56.0 56.0 58.0 66.0 62.0 68.0 68.0 68.0 68.0 68.0 68.0 68.0 
18.0 22.0 26.0 36.0 38.0 40.0 48.0 56.0 62.0 62.0 62.0 62.0 62.0 62.0 62.0 
22.0 32.0 40.0 42.0 44.0 52.0 58.0 64.0 64.0 64.0 64.0 64.0 64.0 64.0 
24.0 32.0 38.0 40.0 48.0 54.0 62.0 62.0 62.0 62.0 62.0 62.0 62.0 
20.0 30.0 32.0 44.0 50.0 60.0 60.0 60.0 60.0 60.0 60.0 60.0 
30.0 32.0 42.0 52.0 60.0 60.0 60.0 60.0 60.0 60.0 60.0 
20.0 34.0 46.0 58.0 58.0 58.0 58.0 58.0 58.0 58.0 
30.0 44.0 58.0 58.0 58.0 58.0 58.0 58.0 58.0 
28.0 48.0 52.0 52.0 52.0 52.0 52.0 52.0 
40.0 42.0 42.0 42.0 42.0 42.0 42.0 
12.0 12.0 12.0 12.0 12.0 12.0 
0.0 2.0 0.0 10.0 10.0 
2.0 0.0 10.0 10.0 
2.0 8.0 8.0 
10.0 10.0 
0.0 
